{"data": {"log_version": 3, "version": "=1.10.13"}, "info": {"category": "", "code": "A001", "extra": {}, "invocation_id": "d03f4a0f-5acc-4283-97ca-b648231dbe23", "level": "info", "msg": "Running with dbt=1.10.13", "name": "MainReportVersion", "pid": 35163, "thread": "MainThread", "ts": "2025-10-23T05:36:25.783929Z"}}
{"data": {"args": {"cache_selected_only": "False", "debug": "False", "empty": "False", "fail_fast": "False", "indirect_selection": "eager", "introspect": "True", "invocation_command": "dbt build --select nbr.stg.stg_labs", "log_cache_events": "False", "log_format": "json", "log_path": "/Users/gin/Desktop/HAT/ehr-fm/dataset/mimic4/transform/nbr/target/nbr-2d64e94-9d9eb71", "no_print": "None", "partial_parse": "True", "printer_width": "80", "profiles_dir": "/Users/gin/Desktop/HAT/ehr-fm/dataset/mimic4/transform/nbr", "quiet": "False", "send_anonymous_usage_stats": "False", "static_parser": "True", "target_path": "target/nbr-2d64e94-9d9eb71", "use_colors": "True", "use_experimental_parser": "False", "version_check": "True", "warn_error": "None", "warn_error_options": "WarnErrorOptionsV2(error=[], warn=[], silence=[])", "write_json": "True"}}, "info": {"category": "", "code": "A002", "extra": {}, "invocation_id": "d03f4a0f-5acc-4283-97ca-b648231dbe23", "level": "debug", "msg": "running dbt with arguments {'log_cache_events': 'False', 'version_check': 'True', 'write_json': 'True', 'warn_error': 'None', 'target_path': 'target/nbr-2d64e94-9d9eb71', 'empty': 'False', 'partial_parse': 'True', 'quiet': 'False', 'cache_selected_only': 'False', 'use_colors': 'True', 'indirect_selection': 'eager', 'use_experimental_parser': 'False', 'send_anonymous_usage_stats': 'False', 'log_format': 'json', 'static_parser': 'True', 'fail_fast': 'False', 'printer_width': '80', 'log_path': '/Users/gin/Desktop/HAT/ehr-fm/dataset/mimic4/transform/nbr/target/nbr-2d64e94-9d9eb71', 'no_print': 'None', 'debug': 'False', 'warn_error_options': 'WarnErrorOptionsV2(error=[], warn=[], silence=[])', 'profiles_dir': '/Users/gin/Desktop/HAT/ehr-fm/dataset/mimic4/transform/nbr', 'introspect': 'True', 'invocation_command': 'dbt build --select nbr.stg.stg_labs'}", "name": "MainReportArgs", "pid": 35163, "thread": "MainThread", "ts": "2025-10-23T05:36:25.786197Z"}}
{"data": {"adapter_name": "duckdb", "adapter_version": "=1.9.6"}, "info": {"category": "", "code": "E034", "extra": {}, "invocation_id": "d03f4a0f-5acc-4283-97ca-b648231dbe23", "level": "info", "msg": "Registered adapter: duckdb=1.9.6", "name": "AdapterRegistered", "pid": 35163, "thread": "MainThread", "ts": "2025-10-23T05:36:25.909886Z"}}
{"data": {"checksum": "9f0c81e2574b4ff463f3d16d080df83c6982fc0372c9feeacae0504ac9ea3ffe", "profile": "", "target": "", "vars": "{}", "version": "1.10.13"}, "info": {"category": "", "code": "I025", "extra": {}, "invocation_id": "d03f4a0f-5acc-4283-97ca-b648231dbe23", "level": "debug", "msg": "checksum: 9f0c81e2574b4ff463f3d16d080df83c6982fc0372c9feeacae0504ac9ea3ffe, vars: {}, profile: , target: , version: 1.10.13", "name": "StateCheckVarsHash", "pid": 35163, "thread": "MainThread", "ts": "2025-10-23T05:36:25.954388Z"}}
{"data": {"added": 0, "changed": 0, "deleted": 0}, "info": {"category": "", "code": "I040", "extra": {}, "invocation_id": "d03f4a0f-5acc-4283-97ca-b648231dbe23", "level": "debug", "msg": "Partial parsing enabled: 0 files deleted, 0 files added, 0 files changed.", "name": "PartialParsingEnabled", "pid": 35163, "thread": "MainThread", "ts": "2025-10-23T05:36:25.995043Z"}}
{"data": {}, "info": {"category": "", "code": "I017", "extra": {}, "invocation_id": "d03f4a0f-5acc-4283-97ca-b648231dbe23", "level": "debug", "msg": "Partial parsing enabled, no changes found, skipping parsing", "name": "PartialParsingSkipParsing", "pid": 35163, "thread": "MainThread", "ts": "2025-10-23T05:36:25.995295Z"}}
{"data": {"artifact_path": "/Users/gin/Desktop/HAT/ehr-fm/dataset/mimic4/transform/nbr/target/nbr-2d64e94-9d9eb71/manifest.json", "artifact_type": "WritableManifest"}, "info": {"category": "", "code": "P001", "extra": {}, "invocation_id": "d03f4a0f-5acc-4283-97ca-b648231dbe23", "level": "debug", "msg": "Wrote artifact WritableManifest to /Users/gin/Desktop/HAT/ehr-fm/dataset/mimic4/transform/nbr/target/nbr-2d64e94-9d9eb71/manifest.json", "name": "ArtifactWritten", "pid": 35163, "thread": "MainThread", "ts": "2025-10-23T05:36:26.034046Z"}}
{"data": {"artifact_path": "/Users/gin/Desktop/HAT/ehr-fm/dataset/mimic4/transform/nbr/target/nbr-2d64e94-9d9eb71/semantic_manifest.json", "artifact_type": "SemanticManifest"}, "info": {"category": "", "code": "P001", "extra": {}, "invocation_id": "d03f4a0f-5acc-4283-97ca-b648231dbe23", "level": "debug", "msg": "Wrote artifact SemanticManifest to /Users/gin/Desktop/HAT/ehr-fm/dataset/mimic4/transform/nbr/target/nbr-2d64e94-9d9eb71/semantic_manifest.json", "name": "ArtifactWritten", "pid": 35163, "thread": "MainThread", "ts": "2025-10-23T05:36:26.035071Z"}}
{"data": {"stat_line": "7 models, 7 sources, 444 macros"}, "info": {"category": "", "code": "W006", "extra": {}, "invocation_id": "d03f4a0f-5acc-4283-97ca-b648231dbe23", "level": "info", "msg": "Found 7 models, 7 sources, 444 macros", "name": "FoundStats", "pid": 35163, "thread": "MainThread", "ts": "2025-10-23T05:36:26.045965Z"}}
{"data": {"msg": ""}, "info": {"category": "", "code": "Z017", "extra": {}, "invocation_id": "d03f4a0f-5acc-4283-97ca-b648231dbe23", "level": "info", "msg": "", "name": "Formatting", "pid": 35163, "thread": "MainThread", "ts": "2025-10-23T05:36:26.046764Z"}}
{"data": {"node_count": 1, "num_threads": 1, "target_name": "dev"}, "info": {"category": "", "code": "Q027", "extra": {}, "invocation_id": "d03f4a0f-5acc-4283-97ca-b648231dbe23", "level": "info", "msg": "Concurrency: 1 threads (target='dev')", "name": "ConcurrencyLine", "pid": 35163, "thread": "MainThread", "ts": "2025-10-23T05:36:26.046948Z"}}
{"data": {"msg": ""}, "info": {"category": "", "code": "Z017", "extra": {}, "invocation_id": "d03f4a0f-5acc-4283-97ca-b648231dbe23", "level": "info", "msg": "", "name": "Formatting", "pid": 35163, "thread": "MainThread", "ts": "2025-10-23T05:36:26.047095Z"}}
{"data": {"conn_name": "master", "conn_type": "duckdb"}, "info": {"category": "", "code": "E005", "extra": {}, "invocation_id": "d03f4a0f-5acc-4283-97ca-b648231dbe23", "level": "debug", "msg": "Acquiring new duckdb connection 'master'", "name": "NewConnection", "pid": 35163, "thread": "MainThread", "ts": "2025-10-23T05:36:26.047415Z"}}
{"data": {"conn_name": "list_mimic4", "conn_type": "duckdb"}, "info": {"category": "", "code": "E005", "extra": {}, "invocation_id": "d03f4a0f-5acc-4283-97ca-b648231dbe23", "level": "debug", "msg": "Acquiring new duckdb connection 'list_mimic4'", "name": "NewConnection", "pid": 35163, "thread": "ThreadPoolExecutor-0_0", "ts": "2025-10-23T05:36:26.047820Z"}}
{"data": {"conn_name": "list_mimic4", "conn_type": "duckdb"}, "info": {"category": "", "code": "E015", "extra": {}, "invocation_id": "d03f4a0f-5acc-4283-97ca-b648231dbe23", "level": "debug", "msg": "Using duckdb connection \"list_mimic4\"", "name": "ConnectionUsed", "pid": 35163, "thread": "ThreadPoolExecutor-0_0", "ts": "2025-10-23T05:36:26.072108Z"}}
{"data": {"conn_name": "list_mimic4", "sql": "/* {\"app\": \"dbt\", \"dbt_version\": \"1.10.13\", \"profile_name\": \"nbr\", \"target_name\": \"dev\", \"connection_name\": \"list_mimic4\"} */\n\n    \n    select schema_name\n    from system.information_schema.schemata\n    \n    where lower(catalog_name) = '\"mimic4\"'\n    \n  \n  "}, "info": {"category": "", "code": "E016", "extra": {}, "invocation_id": "d03f4a0f-5acc-4283-97ca-b648231dbe23", "level": "debug", "msg": "On list_mimic4: /* {\"app\": \"dbt\", \"dbt_version\": \"1.10.13\", \"profile_name\": \"nbr\", \"target_name\": \"dev\", \"connection_name\": \"list_mimic4\"} */\n\n    \n    select schema_name\n    from system.information_schema.schemata\n    \n    where lower(catalog_name) = '\"mimic4\"'\n    \n  \n  ", "name": "SQLQuery", "pid": 35163, "thread": "ThreadPoolExecutor-0_0", "ts": "2025-10-23T05:36:26.073812Z"}}
{"data": {"connection_state": "init"}, "info": {"category": "", "code": "E037", "extra": {}, "invocation_id": "d03f4a0f-5acc-4283-97ca-b648231dbe23", "level": "debug", "msg": "Opening a new connection, currently in state init", "name": "NewConnectionOpening", "pid": 35163, "thread": "ThreadPoolExecutor-0_0", "ts": "2025-10-23T05:36:26.074152Z"}}
{"data": {"elapsed": 0.008495375, "query_id": "", "status": "OK"}, "info": {"category": "", "code": "E017", "extra": {}, "invocation_id": "d03f4a0f-5acc-4283-97ca-b648231dbe23", "level": "debug", "msg": "SQL status: OK in 0.008 seconds", "name": "SQLQueryStatus", "pid": 35163, "thread": "ThreadPoolExecutor-0_0", "ts": "2025-10-23T05:36:26.082672Z"}}
{"data": {"conn_name": "list_mimic4"}, "info": {"category": "", "code": "E010", "extra": {}, "invocation_id": "d03f4a0f-5acc-4283-97ca-b648231dbe23", "level": "debug", "msg": "On list_mimic4: Close", "name": "ConnectionClosed", "pid": 35163, "thread": "ThreadPoolExecutor-0_0", "ts": "2025-10-23T05:36:26.083362Z"}}
{"data": {"conn_name": "create_mimic4_main", "orig_conn_name": "list_mimic4"}, "info": {"category": "", "code": "E006", "extra": {}, "invocation_id": "d03f4a0f-5acc-4283-97ca-b648231dbe23", "level": "debug", "msg": "Re-using an available connection from the pool (formerly list_mimic4, now create_mimic4_main)", "name": "ConnectionReused", "pid": 35163, "thread": "ThreadPoolExecutor-0_0", "ts": "2025-10-23T05:36:26.083713Z"}}
{"data": {"relation": {"database": "mimic4", "identifier": "", "schema": "main"}}, "info": {"category": "", "code": "E020", "extra": {}, "invocation_id": "d03f4a0f-5acc-4283-97ca-b648231dbe23", "level": "debug", "msg": "Creating schema \"database: \"mimic4\"\nschema: \"main\"\n\"", "name": "SchemaCreation", "pid": 35163, "thread": "ThreadPoolExecutor-0_0", "ts": "2025-10-23T05:36:26.083933Z"}}
{"data": {"conn_name": "create_mimic4_main", "conn_type": "duckdb"}, "info": {"category": "", "code": "E015", "extra": {}, "invocation_id": "d03f4a0f-5acc-4283-97ca-b648231dbe23", "level": "debug", "msg": "Using duckdb connection \"create_mimic4_main\"", "name": "ConnectionUsed", "pid": 35163, "thread": "ThreadPoolExecutor-0_0", "ts": "2025-10-23T05:36:26.086547Z"}}
{"data": {"conn_name": "create_mimic4_main", "sql": "/* {\"app\": \"dbt\", \"dbt_version\": \"1.10.13\", \"profile_name\": \"nbr\", \"target_name\": \"dev\", \"connection_name\": \"create_mimic4_main\"} */\n\n    \n        select type from duckdb_databases()\n        where lower(database_name)='mimic4'\n        and type='sqlite'\n    \n  "}, "info": {"category": "", "code": "E016", "extra": {}, "invocation_id": "d03f4a0f-5acc-4283-97ca-b648231dbe23", "level": "debug", "msg": "On create_mimic4_main: /* {\"app\": \"dbt\", \"dbt_version\": \"1.10.13\", \"profile_name\": \"nbr\", \"target_name\": \"dev\", \"connection_name\": \"create_mimic4_main\"} */\n\n    \n        select type from duckdb_databases()\n        where lower(database_name)='mimic4'\n        and type='sqlite'\n    \n  ", "name": "SQLQuery", "pid": 35163, "thread": "ThreadPoolExecutor-0_0", "ts": "2025-10-23T05:36:26.086713Z"}}
{"data": {"connection_state": "closed"}, "info": {"category": "", "code": "E037", "extra": {}, "invocation_id": "d03f4a0f-5acc-4283-97ca-b648231dbe23", "level": "debug", "msg": "Opening a new connection, currently in state closed", "name": "NewConnectionOpening", "pid": 35163, "thread": "ThreadPoolExecutor-0_0", "ts": "2025-10-23T05:36:26.086864Z"}}
{"data": {"elapsed": 0.000412375, "query_id": "", "status": "OK"}, "info": {"category": "", "code": "E017", "extra": {}, "invocation_id": "d03f4a0f-5acc-4283-97ca-b648231dbe23", "level": "debug", "msg": "SQL status: OK in 0.000 seconds", "name": "SQLQueryStatus", "pid": 35163, "thread": "ThreadPoolExecutor-0_0", "ts": "2025-10-23T05:36:26.087283Z"}}
{"data": {"conn_name": "create_mimic4_main", "conn_type": "duckdb"}, "info": {"category": "", "code": "E015", "extra": {}, "invocation_id": "d03f4a0f-5acc-4283-97ca-b648231dbe23", "level": "debug", "msg": "Using duckdb connection \"create_mimic4_main\"", "name": "ConnectionUsed", "pid": 35163, "thread": "ThreadPoolExecutor-0_0", "ts": "2025-10-23T05:36:26.087839Z"}}
{"data": {"conn_name": "create_mimic4_main", "sql": "BEGIN"}, "info": {"category": "", "code": "E016", "extra": {}, "invocation_id": "d03f4a0f-5acc-4283-97ca-b648231dbe23", "level": "debug", "msg": "On create_mimic4_main: BEGIN", "name": "SQLQuery", "pid": 35163, "thread": "ThreadPoolExecutor-0_0", "ts": "2025-10-23T05:36:26.088011Z"}}
{"data": {"elapsed": 9.6625e-05, "query_id": "", "status": "OK"}, "info": {"category": "", "code": "E017", "extra": {}, "invocation_id": "d03f4a0f-5acc-4283-97ca-b648231dbe23", "level": "debug", "msg": "SQL status: OK in 0.000 seconds", "name": "SQLQueryStatus", "pid": 35163, "thread": "ThreadPoolExecutor-0_0", "ts": "2025-10-23T05:36:26.088279Z"}}
{"data": {"conn_name": "create_mimic4_main", "conn_type": "duckdb"}, "info": {"category": "", "code": "E015", "extra": {}, "invocation_id": "d03f4a0f-5acc-4283-97ca-b648231dbe23", "level": "debug", "msg": "Using duckdb connection \"create_mimic4_main\"", "name": "ConnectionUsed", "pid": 35163, "thread": "ThreadPoolExecutor-0_0", "ts": "2025-10-23T05:36:26.088424Z"}}
{"data": {"conn_name": "create_mimic4_main", "sql": "/* {\"app\": \"dbt\", \"dbt_version\": \"1.10.13\", \"profile_name\": \"nbr\", \"target_name\": \"dev\", \"connection_name\": \"create_mimic4_main\"} */\n\n    \n    \n        create schema if not exists \"mimic4\".\"main\"\n    "}, "info": {"category": "", "code": "E016", "extra": {}, "invocation_id": "d03f4a0f-5acc-4283-97ca-b648231dbe23", "level": "debug", "msg": "On create_mimic4_main: /* {\"app\": \"dbt\", \"dbt_version\": \"1.10.13\", \"profile_name\": \"nbr\", \"target_name\": \"dev\", \"connection_name\": \"create_mimic4_main\"} */\n\n    \n    \n        create schema if not exists \"mimic4\".\"main\"\n    ", "name": "SQLQuery", "pid": 35163, "thread": "ThreadPoolExecutor-0_0", "ts": "2025-10-23T05:36:26.088575Z"}}
{"data": {"elapsed": 9.2500006e-05, "query_id": "", "status": "OK"}, "info": {"category": "", "code": "E017", "extra": {}, "invocation_id": "d03f4a0f-5acc-4283-97ca-b648231dbe23", "level": "debug", "msg": "SQL status: OK in 0.000 seconds", "name": "SQLQueryStatus", "pid": 35163, "thread": "ThreadPoolExecutor-0_0", "ts": "2025-10-23T05:36:26.088812Z"}}
{"data": {"conn_name": "create_mimic4_main"}, "info": {"category": "", "code": "E018", "extra": {}, "invocation_id": "d03f4a0f-5acc-4283-97ca-b648231dbe23", "level": "debug", "msg": "On create_mimic4_main: COMMIT", "name": "SQLCommit", "pid": 35163, "thread": "ThreadPoolExecutor-0_0", "ts": "2025-10-23T05:36:26.089119Z"}}
{"data": {"conn_name": "create_mimic4_main", "conn_type": "duckdb"}, "info": {"category": "", "code": "E015", "extra": {}, "invocation_id": "d03f4a0f-5acc-4283-97ca-b648231dbe23", "level": "debug", "msg": "Using duckdb connection \"create_mimic4_main\"", "name": "ConnectionUsed", "pid": 35163, "thread": "ThreadPoolExecutor-0_0", "ts": "2025-10-23T05:36:26.089267Z"}}
{"data": {"conn_name": "create_mimic4_main", "sql": "COMMIT"}, "info": {"category": "", "code": "E016", "extra": {}, "invocation_id": "d03f4a0f-5acc-4283-97ca-b648231dbe23", "level": "debug", "msg": "On create_mimic4_main: COMMIT", "name": "SQLQuery", "pid": 35163, "thread": "ThreadPoolExecutor-0_0", "ts": "2025-10-23T05:36:26.089404Z"}}
{"data": {"elapsed": 5.15e-05, "query_id": "", "status": "OK"}, "info": {"category": "", "code": "E017", "extra": {}, "invocation_id": "d03f4a0f-5acc-4283-97ca-b648231dbe23", "level": "debug", "msg": "SQL status: OK in 0.000 seconds", "name": "SQLQueryStatus", "pid": 35163, "thread": "ThreadPoolExecutor-0_0", "ts": "2025-10-23T05:36:26.089591Z"}}
{"data": {"conn_name": "create_mimic4_main"}, "info": {"category": "", "code": "E010", "extra": {}, "invocation_id": "d03f4a0f-5acc-4283-97ca-b648231dbe23", "level": "debug", "msg": "On create_mimic4_main: Close", "name": "ConnectionClosed", "pid": 35163, "thread": "ThreadPoolExecutor-0_0", "ts": "2025-10-23T05:36:26.089746Z"}}
{"data": {"conn_name": "list_mimic4_main", "orig_conn_name": "create_mimic4_main"}, "info": {"category": "", "code": "E006", "extra": {}, "invocation_id": "d03f4a0f-5acc-4283-97ca-b648231dbe23", "level": "debug", "msg": "Re-using an available connection from the pool (formerly create_mimic4_main, now list_mimic4_main)", "name": "ConnectionReused", "pid": 35163, "thread": "ThreadPoolExecutor-1_0", "ts": "2025-10-23T05:36:26.091841Z"}}
{"data": {"conn_name": "list_mimic4_main", "conn_type": "duckdb"}, "info": {"category": "", "code": "E015", "extra": {}, "invocation_id": "d03f4a0f-5acc-4283-97ca-b648231dbe23", "level": "debug", "msg": "Using duckdb connection \"list_mimic4_main\"", "name": "ConnectionUsed", "pid": 35163, "thread": "ThreadPoolExecutor-1_0", "ts": "2025-10-23T05:36:26.094109Z"}}
{"data": {"conn_name": "list_mimic4_main", "sql": "BEGIN"}, "info": {"category": "", "code": "E016", "extra": {}, "invocation_id": "d03f4a0f-5acc-4283-97ca-b648231dbe23", "level": "debug", "msg": "On list_mimic4_main: BEGIN", "name": "SQLQuery", "pid": 35163, "thread": "ThreadPoolExecutor-1_0", "ts": "2025-10-23T05:36:26.094293Z"}}
{"data": {"connection_state": "closed"}, "info": {"category": "", "code": "E037", "extra": {}, "invocation_id": "d03f4a0f-5acc-4283-97ca-b648231dbe23", "level": "debug", "msg": "Opening a new connection, currently in state closed", "name": "NewConnectionOpening", "pid": 35163, "thread": "ThreadPoolExecutor-1_0", "ts": "2025-10-23T05:36:26.094436Z"}}
{"data": {"elapsed": 0.000250833, "query_id": "", "status": "OK"}, "info": {"category": "", "code": "E017", "extra": {}, "invocation_id": "d03f4a0f-5acc-4283-97ca-b648231dbe23", "level": "debug", "msg": "SQL status: OK in 0.000 seconds", "name": "SQLQueryStatus", "pid": 35163, "thread": "ThreadPoolExecutor-1_0", "ts": "2025-10-23T05:36:26.094697Z"}}
{"data": {"conn_name": "list_mimic4_main", "conn_type": "duckdb"}, "info": {"category": "", "code": "E015", "extra": {}, "invocation_id": "d03f4a0f-5acc-4283-97ca-b648231dbe23", "level": "debug", "msg": "Using duckdb connection \"list_mimic4_main\"", "name": "ConnectionUsed", "pid": 35163, "thread": "ThreadPoolExecutor-1_0", "ts": "2025-10-23T05:36:26.094854Z"}}
{"data": {"conn_name": "list_mimic4_main", "sql": "/* {\"app\": \"dbt\", \"dbt_version\": \"1.10.13\", \"profile_name\": \"nbr\", \"target_name\": \"dev\", \"connection_name\": \"list_mimic4_main\"} */\nselect\n      'mimic4' as database,\n      table_name as name,\n      table_schema as schema,\n      CASE table_type\n        WHEN 'BASE TABLE' THEN 'table'\n        WHEN 'VIEW' THEN 'view'\n        WHEN 'LOCAL TEMPORARY' THEN 'table'\n        END as type\n    from system.information_schema.tables\n    where lower(table_schema) = 'main'\n    and lower(table_catalog) = 'mimic4'\n  "}, "info": {"category": "", "code": "E016", "extra": {}, "invocation_id": "d03f4a0f-5acc-4283-97ca-b648231dbe23", "level": "debug", "msg": "On list_mimic4_main: /* {\"app\": \"dbt\", \"dbt_version\": \"1.10.13\", \"profile_name\": \"nbr\", \"target_name\": \"dev\", \"connection_name\": \"list_mimic4_main\"} */\nselect\n      'mimic4' as database,\n      table_name as name,\n      table_schema as schema,\n      CASE table_type\n        WHEN 'BASE TABLE' THEN 'table'\n        WHEN 'VIEW' THEN 'view'\n        WHEN 'LOCAL TEMPORARY' THEN 'table'\n        END as type\n    from system.information_schema.tables\n    where lower(table_schema) = 'main'\n    and lower(table_catalog) = 'mimic4'\n  ", "name": "SQLQuery", "pid": 35163, "thread": "ThreadPoolExecutor-1_0", "ts": "2025-10-23T05:36:26.094998Z"}}
{"data": {"elapsed": 0.005514, "query_id": "", "status": "OK"}, "info": {"category": "", "code": "E017", "extra": {}, "invocation_id": "d03f4a0f-5acc-4283-97ca-b648231dbe23", "level": "debug", "msg": "SQL status: OK in 0.006 seconds", "name": "SQLQueryStatus", "pid": 35163, "thread": "ThreadPoolExecutor-1_0", "ts": "2025-10-23T05:36:26.100669Z"}}
{"data": {"conn_name": "list_mimic4_main"}, "info": {"category": "", "code": "E012", "extra": {}, "invocation_id": "d03f4a0f-5acc-4283-97ca-b648231dbe23", "level": "debug", "msg": "On list_mimic4_main: ROLLBACK", "name": "Rollback", "pid": 35163, "thread": "ThreadPoolExecutor-1_0", "ts": "2025-10-23T05:36:26.101298Z"}}
{"data": {"conn_name": "list_mimic4_main", "exc_info": "Traceback (most recent call last):\n  File \"/Users/gin/Desktop/HAT/ehr-fm/dataset/mimic4/.venv/lib/python3.13/site-packages/dbt/adapters/base/connections.py\", line 328, in _rollback_handle\n    connection.handle.rollback()\n    ^^^^^^^^^^^^^^^^^^^^^^^^^^\nAttributeError: 'DuckDBConnectionWrapper' object has no attribute 'rollback'\n"}, "info": {"category": "", "code": "E009", "extra": {}, "invocation_id": "d03f4a0f-5acc-4283-97ca-b648231dbe23", "level": "debug", "msg": "Failed to rollback 'list_mimic4_main'", "name": "RollbackFailed", "pid": 35163, "thread": "ThreadPoolExecutor-1_0", "ts": "2025-10-23T05:36:26.101832Z"}}
{"data": {"conn_name": "list_mimic4_main"}, "info": {"category": "", "code": "E010", "extra": {}, "invocation_id": "d03f4a0f-5acc-4283-97ca-b648231dbe23", "level": "debug", "msg": "On list_mimic4_main: Close", "name": "ConnectionClosed", "pid": 35163, "thread": "ThreadPoolExecutor-1_0", "ts": "2025-10-23T05:36:26.102003Z"}}
{"data": {"conn_name": "master", "conn_type": "duckdb"}, "info": {"category": "", "code": "E015", "extra": {}, "invocation_id": "d03f4a0f-5acc-4283-97ca-b648231dbe23", "level": "debug", "msg": "Using duckdb connection \"master\"", "name": "ConnectionUsed", "pid": 35163, "thread": "MainThread", "ts": "2025-10-23T05:36:26.102794Z"}}
{"data": {"conn_name": "master", "sql": "BEGIN"}, "info": {"category": "", "code": "E016", "extra": {}, "invocation_id": "d03f4a0f-5acc-4283-97ca-b648231dbe23", "level": "debug", "msg": "On master: BEGIN", "name": "SQLQuery", "pid": 35163, "thread": "MainThread", "ts": "2025-10-23T05:36:26.102953Z"}}
{"data": {"connection_state": "init"}, "info": {"category": "", "code": "E037", "extra": {}, "invocation_id": "d03f4a0f-5acc-4283-97ca-b648231dbe23", "level": "debug", "msg": "Opening a new connection, currently in state init", "name": "NewConnectionOpening", "pid": 35163, "thread": "MainThread", "ts": "2025-10-23T05:36:26.103092Z"}}
{"data": {"elapsed": 0.000233875, "query_id": "", "status": "OK"}, "info": {"category": "", "code": "E017", "extra": {}, "invocation_id": "d03f4a0f-5acc-4283-97ca-b648231dbe23", "level": "debug", "msg": "SQL status: OK in 0.000 seconds", "name": "SQLQueryStatus", "pid": 35163, "thread": "MainThread", "ts": "2025-10-23T05:36:26.103328Z"}}
{"data": {"conn_name": "master"}, "info": {"category": "", "code": "E018", "extra": {}, "invocation_id": "d03f4a0f-5acc-4283-97ca-b648231dbe23", "level": "debug", "msg": "On master: COMMIT", "name": "SQLCommit", "pid": 35163, "thread": "MainThread", "ts": "2025-10-23T05:36:26.103462Z"}}
{"data": {"conn_name": "master", "conn_type": "duckdb"}, "info": {"category": "", "code": "E015", "extra": {}, "invocation_id": "d03f4a0f-5acc-4283-97ca-b648231dbe23", "level": "debug", "msg": "Using duckdb connection \"master\"", "name": "ConnectionUsed", "pid": 35163, "thread": "MainThread", "ts": "2025-10-23T05:36:26.103598Z"}}
{"data": {"conn_name": "master", "sql": "COMMIT"}, "info": {"category": "", "code": "E016", "extra": {}, "invocation_id": "d03f4a0f-5acc-4283-97ca-b648231dbe23", "level": "debug", "msg": "On master: COMMIT", "name": "SQLQuery", "pid": 35163, "thread": "MainThread", "ts": "2025-10-23T05:36:26.103734Z"}}
{"data": {"elapsed": 7.35e-05, "query_id": "", "status": "OK"}, "info": {"category": "", "code": "E017", "extra": {}, "invocation_id": "d03f4a0f-5acc-4283-97ca-b648231dbe23", "level": "debug", "msg": "SQL status: OK in 0.000 seconds", "name": "SQLQueryStatus", "pid": 35163, "thread": "MainThread", "ts": "2025-10-23T05:36:26.103949Z"}}
{"data": {"conn_name": "master"}, "info": {"category": "", "code": "E010", "extra": {}, "invocation_id": "d03f4a0f-5acc-4283-97ca-b648231dbe23", "level": "debug", "msg": "On master: Close", "name": "ConnectionClosed", "pid": 35163, "thread": "MainThread", "ts": "2025-10-23T05:36:26.104125Z"}}
{"data": {"node_info": {"materialized": "view", "meta": {}, "node_checksum": "6807cfc1a80d1a169d9777773f3bf1a001a5528d63841b640f5894e5f331c9a2", "node_finished_at": "", "node_name": "stg_labs", "node_path": "stg/stg_labs.sql", "node_relation": {"alias": "stg_labs", "database": "mimic4", "relation_name": "\"mimic4\".\"main\".\"stg_labs\"", "schema": "main"}, "node_started_at": "2025-10-23T05:36:26.105002", "node_status": "started", "resource_type": "model", "unique_id": "model.nbr.stg_labs"}}, "info": {"category": "", "code": "Q024", "extra": {}, "invocation_id": "d03f4a0f-5acc-4283-97ca-b648231dbe23", "level": "debug", "msg": "Began running node model.nbr.stg_labs", "name": "NodeStart", "pid": 35163, "thread": "Thread-1 (worker)", "ts": "2025-10-23T05:36:26.105057Z"}}
{"data": {"description": "sql view model main.stg_labs", "index": 1, "node_info": {"materialized": "view", "meta": {}, "node_checksum": "6807cfc1a80d1a169d9777773f3bf1a001a5528d63841b640f5894e5f331c9a2", "node_finished_at": "", "node_name": "stg_labs", "node_path": "stg/stg_labs.sql", "node_relation": {"alias": "stg_labs", "database": "mimic4", "relation_name": "\"mimic4\".\"main\".\"stg_labs\"", "schema": "main"}, "node_started_at": "2025-10-23T05:36:26.105002", "node_status": "started", "resource_type": "model", "unique_id": "model.nbr.stg_labs"}, "total": 1}, "info": {"category": "", "code": "Q011", "extra": {}, "invocation_id": "d03f4a0f-5acc-4283-97ca-b648231dbe23", "level": "info", "msg": "1 of 1 START sql view model main.stg_labs ...................................... [RUN]", "name": "LogStartLine", "pid": 35163, "thread": "Thread-1 (worker)", "ts": "2025-10-23T05:36:26.105337Z"}}
{"data": {"conn_name": "model.nbr.stg_labs", "orig_conn_name": "list_mimic4_main"}, "info": {"category": "", "code": "E006", "extra": {}, "invocation_id": "d03f4a0f-5acc-4283-97ca-b648231dbe23", "level": "debug", "msg": "Re-using an available connection from the pool (formerly list_mimic4_main, now model.nbr.stg_labs)", "name": "ConnectionReused", "pid": 35163, "thread": "Thread-1 (worker)", "ts": "2025-10-23T05:36:26.105579Z"}}
{"data": {"node_info": {"materialized": "view", "meta": {}, "node_checksum": "6807cfc1a80d1a169d9777773f3bf1a001a5528d63841b640f5894e5f331c9a2", "node_finished_at": "", "node_name": "stg_labs", "node_path": "stg/stg_labs.sql", "node_relation": {"alias": "stg_labs", "database": "mimic4", "relation_name": "\"mimic4\".\"main\".\"stg_labs\"", "schema": "main"}, "node_started_at": "2025-10-23T05:36:26.105002", "node_status": "compiling", "resource_type": "model", "unique_id": "model.nbr.stg_labs"}}, "info": {"category": "", "code": "Q030", "extra": {}, "invocation_id": "d03f4a0f-5acc-4283-97ca-b648231dbe23", "level": "debug", "msg": "Began compiling node model.nbr.stg_labs", "name": "NodeCompiling", "pid": 35163, "thread": "Thread-1 (worker)", "ts": "2025-10-23T05:36:26.105767Z"}}
{"data": {"node_info": {"materialized": "view", "meta": {}, "node_checksum": "6807cfc1a80d1a169d9777773f3bf1a001a5528d63841b640f5894e5f331c9a2", "node_finished_at": "", "node_name": "stg_labs", "node_path": "stg/stg_labs.sql", "node_relation": {"alias": "stg_labs", "database": "mimic4", "relation_name": "\"mimic4\".\"main\".\"stg_labs\"", "schema": "main"}, "node_started_at": "2025-10-23T05:36:26.105002", "node_status": "compiling", "resource_type": "model", "unique_id": "model.nbr.stg_labs"}}, "info": {"category": "", "code": "Q029", "extra": {}, "invocation_id": "d03f4a0f-5acc-4283-97ca-b648231dbe23", "level": "debug", "msg": "Writing injected SQL for node \"model.nbr.stg_labs\"", "name": "WritingInjectedSQLForNode", "pid": 35163, "thread": "Thread-1 (worker)", "ts": "2025-10-23T05:36:26.109203Z"}}
{"data": {"node_info": {"materialized": "view", "meta": {}, "node_checksum": "6807cfc1a80d1a169d9777773f3bf1a001a5528d63841b640f5894e5f331c9a2", "node_finished_at": "", "node_name": "stg_labs", "node_path": "stg/stg_labs.sql", "node_relation": {"alias": "stg_labs", "database": "mimic4", "relation_name": "\"mimic4\".\"main\".\"stg_labs\"", "schema": "main"}, "node_started_at": "2025-10-23T05:36:26.105002", "node_status": "executing", "resource_type": "model", "unique_id": "model.nbr.stg_labs"}}, "info": {"category": "", "code": "Q031", "extra": {}, "invocation_id": "d03f4a0f-5acc-4283-97ca-b648231dbe23", "level": "debug", "msg": "Began executing node model.nbr.stg_labs", "name": "NodeExecuting", "pid": 35163, "thread": "Thread-1 (worker)", "ts": "2025-10-23T05:36:26.109775Z"}}
{"data": {"msg": "Writing runtime sql for node \"model.nbr.stg_labs\"", "node_info": {"materialized": "view", "meta": {}, "node_checksum": "6807cfc1a80d1a169d9777773f3bf1a001a5528d63841b640f5894e5f331c9a2", "node_finished_at": "", "node_name": "stg_labs", "node_path": "stg/stg_labs.sql", "node_relation": {"alias": "stg_labs", "database": "mimic4", "relation_name": "\"mimic4\".\"main\".\"stg_labs\"", "schema": "main"}, "node_started_at": "2025-10-23T05:36:26.105002", "node_status": "executing", "resource_type": "model", "unique_id": "model.nbr.stg_labs"}}, "info": {"category": "", "code": "I063", "extra": {}, "invocation_id": "d03f4a0f-5acc-4283-97ca-b648231dbe23", "level": "debug", "msg": "Writing runtime sql for node \"model.nbr.stg_labs\"", "name": "JinjaLogDebug", "pid": 35163, "thread": "Thread-1 (worker)", "ts": "2025-10-23T05:36:26.122836Z"}}
{"data": {"conn_name": "model.nbr.stg_labs", "conn_type": "duckdb", "node_info": {"materialized": "view", "meta": {}, "node_checksum": "6807cfc1a80d1a169d9777773f3bf1a001a5528d63841b640f5894e5f331c9a2", "node_finished_at": "", "node_name": "stg_labs", "node_path": "stg/stg_labs.sql", "node_relation": {"alias": "stg_labs", "database": "mimic4", "relation_name": "\"mimic4\".\"main\".\"stg_labs\"", "schema": "main"}, "node_started_at": "2025-10-23T05:36:26.105002", "node_status": "executing", "resource_type": "model", "unique_id": "model.nbr.stg_labs"}}, "info": {"category": "", "code": "E015", "extra": {}, "invocation_id": "d03f4a0f-5acc-4283-97ca-b648231dbe23", "level": "debug", "msg": "Using duckdb connection \"model.nbr.stg_labs\"", "name": "ConnectionUsed", "pid": 35163, "thread": "Thread-1 (worker)", "ts": "2025-10-23T05:36:26.123501Z"}}
{"data": {"conn_name": "model.nbr.stg_labs", "node_info": {"materialized": "view", "meta": {}, "node_checksum": "6807cfc1a80d1a169d9777773f3bf1a001a5528d63841b640f5894e5f331c9a2", "node_finished_at": "", "node_name": "stg_labs", "node_path": "stg/stg_labs.sql", "node_relation": {"alias": "stg_labs", "database": "mimic4", "relation_name": "\"mimic4\".\"main\".\"stg_labs\"", "schema": "main"}, "node_started_at": "2025-10-23T05:36:26.105002", "node_status": "executing", "resource_type": "model", "unique_id": "model.nbr.stg_labs"}, "sql": "BEGIN"}, "info": {"category": "", "code": "E016", "extra": {}, "invocation_id": "d03f4a0f-5acc-4283-97ca-b648231dbe23", "level": "debug", "msg": "On model.nbr.stg_labs: BEGIN", "name": "SQLQuery", "pid": 35163, "thread": "Thread-1 (worker)", "ts": "2025-10-23T05:36:26.123703Z"}}
{"data": {"connection_state": "closed", "node_info": {"materialized": "view", "meta": {}, "node_checksum": "6807cfc1a80d1a169d9777773f3bf1a001a5528d63841b640f5894e5f331c9a2", "node_finished_at": "", "node_name": "stg_labs", "node_path": "stg/stg_labs.sql", "node_relation": {"alias": "stg_labs", "database": "mimic4", "relation_name": "\"mimic4\".\"main\".\"stg_labs\"", "schema": "main"}, "node_started_at": "2025-10-23T05:36:26.105002", "node_status": "executing", "resource_type": "model", "unique_id": "model.nbr.stg_labs"}}, "info": {"category": "", "code": "E037", "extra": {}, "invocation_id": "d03f4a0f-5acc-4283-97ca-b648231dbe23", "level": "debug", "msg": "Opening a new connection, currently in state closed", "name": "NewConnectionOpening", "pid": 35163, "thread": "Thread-1 (worker)", "ts": "2025-10-23T05:36:26.123886Z"}}
{"data": {"elapsed": 0.000335375, "node_info": {"materialized": "view", "meta": {}, "node_checksum": "6807cfc1a80d1a169d9777773f3bf1a001a5528d63841b640f5894e5f331c9a2", "node_finished_at": "", "node_name": "stg_labs", "node_path": "stg/stg_labs.sql", "node_relation": {"alias": "stg_labs", "database": "mimic4", "relation_name": "\"mimic4\".\"main\".\"stg_labs\"", "schema": "main"}, "node_started_at": "2025-10-23T05:36:26.105002", "node_status": "executing", "resource_type": "model", "unique_id": "model.nbr.stg_labs"}, "query_id": "", "status": "OK"}, "info": {"category": "", "code": "E017", "extra": {}, "invocation_id": "d03f4a0f-5acc-4283-97ca-b648231dbe23", "level": "debug", "msg": "SQL status: OK in 0.000 seconds", "name": "SQLQueryStatus", "pid": 35163, "thread": "Thread-1 (worker)", "ts": "2025-10-23T05:36:26.124219Z"}}
{"data": {"conn_name": "model.nbr.stg_labs", "conn_type": "duckdb", "node_info": {"materialized": "view", "meta": {}, "node_checksum": "6807cfc1a80d1a169d9777773f3bf1a001a5528d63841b640f5894e5f331c9a2", "node_finished_at": "", "node_name": "stg_labs", "node_path": "stg/stg_labs.sql", "node_relation": {"alias": "stg_labs", "database": "mimic4", "relation_name": "\"mimic4\".\"main\".\"stg_labs\"", "schema": "main"}, "node_started_at": "2025-10-23T05:36:26.105002", "node_status": "executing", "resource_type": "model", "unique_id": "model.nbr.stg_labs"}}, "info": {"category": "", "code": "E015", "extra": {}, "invocation_id": "d03f4a0f-5acc-4283-97ca-b648231dbe23", "level": "debug", "msg": "Using duckdb connection \"model.nbr.stg_labs\"", "name": "ConnectionUsed", "pid": 35163, "thread": "Thread-1 (worker)", "ts": "2025-10-23T05:36:26.124405Z"}}
{"data": {"conn_name": "model.nbr.stg_labs", "node_info": {"materialized": "view", "meta": {}, "node_checksum": "6807cfc1a80d1a169d9777773f3bf1a001a5528d63841b640f5894e5f331c9a2", "node_finished_at": "", "node_name": "stg_labs", "node_path": "stg/stg_labs.sql", "node_relation": {"alias": "stg_labs", "database": "mimic4", "relation_name": "\"mimic4\".\"main\".\"stg_labs\"", "schema": "main"}, "node_started_at": "2025-10-23T05:36:26.105002", "node_status": "executing", "resource_type": "model", "unique_id": "model.nbr.stg_labs"}, "sql": "/* {\"app\": \"dbt\", \"dbt_version\": \"1.10.13\", \"profile_name\": \"nbr\", \"target_name\": \"dev\", \"node_id\": \"model.nbr.stg_labs\"} */\n\n  \n  create view \"mimic4\".\"main\".\"stg_labs__dbt_tmp\" as (\n    \n\n/*\nStaging: Lab Events (\u68c0\u9a8c\u7ed3\u679c) - \u6700\u590d\u6742\u7684\u5904\u7406\n\n\u529f\u80fd:\n1. Top-200 \u8fc7\u6ee4\uff1a\u53ea\u4fdd\u7559\u6700\u5e38\u89c1\u7684 200 \u79cd\u68c0\u9a8c\n2. \"\u635e\u56de\"\u7b56\u7565\uff1a\u627e\u56de\u5165\u9662\u524d 24 \u5c0f\u65f6\u7684\u68c0\u9a8c\n3. \u6570\u503c\u5206\u7bb1\uff1aQ1-Q10 \u5206\u4f4d\u6570\u79bb\u6563\u5316\uff08ETHOS \u65b9\u6cd5\uff09\n\nETHOS \u7b56\u7565:\n- \u8fde\u7eed\u6570\u503c \u2192 \u79bb\u6563\u7c7b\u522b\uff08Q1-Q10\uff09\n- \u4fdd\u7559 NULL \u503c\u4f5c\u4e3a\u5355\u72ec\u7c7b\u522b\n- \u8bcd\u8868: 200 itemid \u00d7 11 \u72b6\u6001 = 2200 \u4e2a lab tokens\n\n\u8f93\u51fa:\n- \u6bcf\u884c = \u4e00\u4e2a\u68c0\u9a8c\u7ed3\u679c\uff08\u5df2\u5206\u7bb1\uff09\n- code \u683c\u5f0f: LAB:itemid_Q5\n- \u5305\u542b\u7cbe\u786e charttime\n*/\n\n-- ============================================================================\n-- Step 1: \u6269\u5c55\u68c0\u9a8c\u6570\u636e\uff08\u539f\u6709 + \u635e\u56de\uff09\n-- ============================================================================\nwith labs_extended as (\n    -- 1.1 \u539f\u672c\u6709 hadm_id \u7684\u4f4f\u9662\u68c0\u9a8c\n    select \n        subject_id,\n        hadm_id,\n        itemid,\n        charttime,\n        valuenum\n    from \"mimic4\".\"main\".\"raw_labevents\"\n    where hadm_id is not null\n        and itemid in (select itemid from \"mimic4\".\"main\".\"top_200_labs\")\n    \n    union all\n    \n    -- 1.2 \"\u635e\u56de\"\u5165\u9662\u524d 24 \u5c0f\u65f6\u7684\u68c0\u9a8c\n    -- \u7b56\u7565\uff1a\u6bcf\u4e2a\u68c0\u9a8c\u53ea\u5206\u914d\u7ed9\u65f6\u95f4\u6700\u8fd1\u7684\u4e00\u4e2a\u5c31\u8bca\n    select distinct on (l.labevent_id)\n        l.subject_id,\n        a.hadm_id,  -- \u5206\u914d hadm_id\n        l.itemid,\n        l.charttime,\n        l.valuenum\n    from \"mimic4\".\"main\".\"raw_labevents\" l\n    join \"mimic4\".\"main\".\"stg_admissions\" a \n        on l.subject_id = a.subject_id\n        and l.hadm_id is null  -- \u539f\u672c\u6ca1\u6709 hadm_id\n        and l.charttime >= (a.admittime - interval '24 hours')\n        and l.charttime <= a.admittime\n    where l.itemid in (select itemid from \"mimic4\".\"main\".\"top_200_labs\")\n    order by \n        l.labevent_id, \n        abs(extract(epoch from (l.charttime - a.admittime)))  -- \u9009\u6700\u8fd1\u7684\u5c31\u8bca\n),\n\n-- ============================================================================\n-- Step 2: \u6570\u503c\u5206\u7bb1\uff08Q1-Q10\uff09\n-- ============================================================================\nlabs_binned as (\n    select \n        l.subject_id,\n        l.hadm_id,\n        l.itemid,\n        l.charttime,\n        l.valuenum,\n        -- \u5206\u7bb1\u903b\u8f91\uff0811\u4e2a\u7c7b\u522b\uff09\n        case \n            when l.valuenum is null then 'LAB:' || l.itemid || '_NULL'\n            when l.valuenum <= q.q1 then 'LAB:' || l.itemid || '_Q1'\n            when l.valuenum <= q.q2 then 'LAB:' || l.itemid || '_Q2'\n            when l.valuenum <= q.q3 then 'LAB:' || l.itemid || '_Q3'\n            when l.valuenum <= q.q4 then 'LAB:' || l.itemid || '_Q4'\n            when l.valuenum <= q.q5 then 'LAB:' || l.itemid || '_Q5'\n            when l.valuenum <= q.q6 then 'LAB:' || l.itemid || '_Q6'\n            when l.valuenum <= q.q7 then 'LAB:' || l.itemid || '_Q7'\n            when l.valuenum <= q.q8 then 'LAB:' || l.itemid || '_Q8'\n            when l.valuenum <= q.q9 then 'LAB:' || l.itemid || '_Q9'\n            else 'LAB:' || l.itemid || '_Q10'\n        end as code\n    from labs_extended l\n    left join \"mimic4\".\"main\".\"lab_quantiles\" q \n        on l.itemid = q.itemid\n)\n\n-- ============================================================================\n-- Step 3: \u6700\u7ec8\u8f93\u51fa\n-- ============================================================================\nselect \n    subject_id,\n    hadm_id,\n    code,\n    'lab' as code_type,\n    charttime as event_time,  -- \u68c0\u9a8c\u65f6\u95f4\uff08\u79d2\u7ea7\u7cbe\u5ea6\uff09\n    row_number() over (\n        partition by subject_id, hadm_id \n        order by charttime\n    ) as seq_num\nfrom labs_binned\n  );\n"}, "info": {"category": "", "code": "E016", "extra": {}, "invocation_id": "d03f4a0f-5acc-4283-97ca-b648231dbe23", "level": "debug", "msg": "On model.nbr.stg_labs: /* {\"app\": \"dbt\", \"dbt_version\": \"1.10.13\", \"profile_name\": \"nbr\", \"target_name\": \"dev\", \"node_id\": \"model.nbr.stg_labs\"} */\n\n  \n  create view \"mimic4\".\"main\".\"stg_labs__dbt_tmp\" as (\n    \n\n/*\nStaging: Lab Events (\u68c0\u9a8c\u7ed3\u679c) - \u6700\u590d\u6742\u7684\u5904\u7406\n\n\u529f\u80fd:\n1. Top-200 \u8fc7\u6ee4\uff1a\u53ea\u4fdd\u7559\u6700\u5e38\u89c1\u7684 200 \u79cd\u68c0\u9a8c\n2. \"\u635e\u56de\"\u7b56\u7565\uff1a\u627e\u56de\u5165\u9662\u524d 24 \u5c0f\u65f6\u7684\u68c0\u9a8c\n3. \u6570\u503c\u5206\u7bb1\uff1aQ1-Q10 \u5206\u4f4d\u6570\u79bb\u6563\u5316\uff08ETHOS \u65b9\u6cd5\uff09\n\nETHOS \u7b56\u7565:\n- \u8fde\u7eed\u6570\u503c \u2192 \u79bb\u6563\u7c7b\u522b\uff08Q1-Q10\uff09\n- \u4fdd\u7559 NULL \u503c\u4f5c\u4e3a\u5355\u72ec\u7c7b\u522b\n- \u8bcd\u8868: 200 itemid \u00d7 11 \u72b6\u6001 = 2200 \u4e2a lab tokens\n\n\u8f93\u51fa:\n- \u6bcf\u884c = \u4e00\u4e2a\u68c0\u9a8c\u7ed3\u679c\uff08\u5df2\u5206\u7bb1\uff09\n- code \u683c\u5f0f: LAB:itemid_Q5\n- \u5305\u542b\u7cbe\u786e charttime\n*/\n\n-- ============================================================================\n-- Step 1: \u6269\u5c55\u68c0\u9a8c\u6570\u636e\uff08\u539f\u6709 + \u635e\u56de\uff09\n-- ============================================================================\nwith labs_extended as (\n    -- 1.1 \u539f\u672c\u6709 hadm_id \u7684\u4f4f\u9662\u68c0\u9a8c\n    select \n        subject_id,\n        hadm_id,\n        itemid,\n        charttime,\n        valuenum\n    from \"mimic4\".\"main\".\"raw_labevents\"\n    where hadm_id is not null\n        and itemid in (select itemid from \"mimic4\".\"main\".\"top_200_labs\")\n    \n    union all\n    \n    -- 1.2 \"\u635e\u56de\"\u5165\u9662\u524d 24 \u5c0f\u65f6\u7684\u68c0\u9a8c\n    -- \u7b56\u7565\uff1a\u6bcf\u4e2a\u68c0\u9a8c\u53ea\u5206\u914d\u7ed9\u65f6\u95f4\u6700\u8fd1\u7684\u4e00\u4e2a\u5c31\u8bca\n    select distinct on (l.labevent_id)\n        l.subject_id,\n        a.hadm_id,  -- \u5206\u914d hadm_id\n        l.itemid,\n        l.charttime,\n        l.valuenum\n    from \"mimic4\".\"main\".\"raw_labevents\" l\n    join \"mimic4\".\"main\".\"stg_admissions\" a \n        on l.subject_id = a.subject_id\n        and l.hadm_id is null  -- \u539f\u672c\u6ca1\u6709 hadm_id\n        and l.charttime >= (a.admittime - interval '24 hours')\n        and l.charttime <= a.admittime\n    where l.itemid in (select itemid from \"mimic4\".\"main\".\"top_200_labs\")\n    order by \n        l.labevent_id, \n        abs(extract(epoch from (l.charttime - a.admittime)))  -- \u9009\u6700\u8fd1\u7684\u5c31\u8bca\n),\n\n-- ============================================================================\n-- Step 2: \u6570\u503c\u5206\u7bb1\uff08Q1-Q10\uff09\n-- ============================================================================\nlabs_binned as (\n    select \n        l.subject_id,\n        l.hadm_id,\n        l.itemid,\n        l.charttime,\n        l.valuenum,\n        -- \u5206\u7bb1\u903b\u8f91\uff0811\u4e2a\u7c7b\u522b\uff09\n        case \n            when l.valuenum is null then 'LAB:' || l.itemid || '_NULL'\n            when l.valuenum <= q.q1 then 'LAB:' || l.itemid || '_Q1'\n            when l.valuenum <= q.q2 then 'LAB:' || l.itemid || '_Q2'\n            when l.valuenum <= q.q3 then 'LAB:' || l.itemid || '_Q3'\n            when l.valuenum <= q.q4 then 'LAB:' || l.itemid || '_Q4'\n            when l.valuenum <= q.q5 then 'LAB:' || l.itemid || '_Q5'\n            when l.valuenum <= q.q6 then 'LAB:' || l.itemid || '_Q6'\n            when l.valuenum <= q.q7 then 'LAB:' || l.itemid || '_Q7'\n            when l.valuenum <= q.q8 then 'LAB:' || l.itemid || '_Q8'\n            when l.valuenum <= q.q9 then 'LAB:' || l.itemid || '_Q9'\n            else 'LAB:' || l.itemid || '_Q10'\n        end as code\n    from labs_extended l\n    left join \"mimic4\".\"main\".\"lab_quantiles\" q \n        on l.itemid = q.itemid\n)\n\n-- ============================================================================\n-- Step 3: \u6700\u7ec8\u8f93\u51fa\n-- ============================================================================\nselect \n    subject_id,\n    hadm_id,\n    code,\n    'lab' as code_type,\n    charttime as event_time,  -- \u68c0\u9a8c\u65f6\u95f4\uff08\u79d2\u7ea7\u7cbe\u5ea6\uff09\n    row_number() over (\n        partition by subject_id, hadm_id \n        order by charttime\n    ) as seq_num\nfrom labs_binned\n  );\n", "name": "SQLQuery", "pid": 35163, "thread": "Thread-1 (worker)", "ts": "2025-10-23T05:36:26.124622Z"}}
{"data": {"args": [], "base_msg": "Error running SQL: /* {\"app\": \"dbt\", \"dbt_version\": \"1.10.13\", \"profile_name\": \"nbr\", \"target_name\": \"dev\", \"node_id\": \"model.nbr.stg_labs\"} */\n\n  \n  create view \"mimic4\".\"main\".\"stg_labs__dbt_tmp\" as (\n    \n\n/*\nStaging: Lab Events (\u68c0\u9a8c\u7ed3\u679c) - \u6700\u590d\u6742\u7684\u5904\u7406\n\n\u529f\u80fd:\n1. Top-200 \u8fc7\u6ee4\uff1a\u53ea\u4fdd\u7559\u6700\u5e38\u89c1\u7684 200 \u79cd\u68c0\u9a8c\n2. \"\u635e\u56de\"\u7b56\u7565\uff1a\u627e\u56de\u5165\u9662\u524d 24 \u5c0f\u65f6\u7684\u68c0\u9a8c\n3. \u6570\u503c\u5206\u7bb1\uff1aQ1-Q10 \u5206\u4f4d\u6570\u79bb\u6563\u5316\uff08ETHOS \u65b9\u6cd5\uff09\n\nETHOS \u7b56\u7565:\n- \u8fde\u7eed\u6570\u503c \u2192 \u79bb\u6563\u7c7b\u522b\uff08Q1-Q10\uff09\n- \u4fdd\u7559 NULL \u503c\u4f5c\u4e3a\u5355\u72ec\u7c7b\u522b\n- \u8bcd\u8868: 200 itemid \u00d7 11 \u72b6\u6001 = 2200 \u4e2a lab tokens\n\n\u8f93\u51fa:\n- \u6bcf\u884c = \u4e00\u4e2a\u68c0\u9a8c\u7ed3\u679c\uff08\u5df2\u5206\u7bb1\uff09\n- code \u683c\u5f0f: LAB:itemid_Q5\n- \u5305\u542b\u7cbe\u786e charttime\n*/\n\n-- ============================================================================\n-- Step 1: \u6269\u5c55\u68c0\u9a8c\u6570\u636e\uff08\u539f\u6709 + \u635e\u56de\uff09\n-- ============================================================================\nwith labs_extended as (\n    -- 1.1 \u539f\u672c\u6709 hadm_id \u7684\u4f4f\u9662\u68c0\u9a8c\n    select \n        subject_id,\n        hadm_id,\n        itemid,\n        charttime,\n        valuenum\n    from \"mimic4\".\"main\".\"raw_labevents\"\n    where hadm_id is not null\n        and itemid in (select itemid from \"mimic4\".\"main\".\"top_200_labs\")\n    \n    union all\n    \n    -- 1.2 \"\u635e\u56de\"\u5165\u9662\u524d 24 \u5c0f\u65f6\u7684\u68c0\u9a8c\n    -- \u7b56\u7565\uff1a\u6bcf\u4e2a\u68c0\u9a8c\u53ea\u5206\u914d\u7ed9\u65f6\u95f4\u6700\u8fd1\u7684\u4e00\u4e2a\u5c31\u8bca\n    select distinct on (l.labevent_id)\n        l.subject_id,\n        a.hadm_id,  -- \u5206\u914d hadm_id\n        l.itemid,\n        l.charttime,\n        l.valuenum\n    from \"mimic4\".\"main\".\"raw_labevents\" l\n    join \"mimic4\".\"main\".\"stg_admissions\" a \n        on l.subject_id = a.subject_id\n        and l.hadm_id is null  -- \u539f\u672c\u6ca1\u6709 hadm_id\n        and l.charttime >= (a.admittime - interval '24 hours')\n        and l.charttime <= a.admittime\n    where l.itemid in (select itemid from \"mimic4\".\"main\".\"top_200_labs\")\n    order by \n        l.labevent_id, \n        abs(extract(epoch from (l.charttime - a.admittime)))  -- \u9009\u6700\u8fd1\u7684\u5c31\u8bca\n),\n\n-- ============================================================================\n-- Step 2: \u6570\u503c\u5206\u7bb1\uff08Q1-Q10\uff09\n-- ============================================================================\nlabs_binned as (\n    select \n        l.subject_id,\n        l.hadm_id,\n        l.itemid,\n        l.charttime,\n        l.valuenum,\n        -- \u5206\u7bb1\u903b\u8f91\uff0811\u4e2a\u7c7b\u522b\uff09\n        case \n            when l.valuenum is null then 'LAB:' || l.itemid || '_NULL'\n            when l.valuenum <= q.q1 then 'LAB:' || l.itemid || '_Q1'\n            when l.valuenum <= q.q2 then 'LAB:' || l.itemid || '_Q2'\n            when l.valuenum <= q.q3 then 'LAB:' || l.itemid || '_Q3'\n            when l.valuenum <= q.q4 then 'LAB:' || l.itemid || '_Q4'\n            when l.valuenum <= q.q5 then 'LAB:' || l.itemid || '_Q5'\n            when l.valuenum <= q.q6 then 'LAB:' || l.itemid || '_Q6'\n            when l.valuenum <= q.q7 then 'LAB:' || l.itemid || '_Q7'\n            when l.valuenum <= q.q8 then 'LAB:' || l.itemid || '_Q8'\n            when l.valuenum <= q.q9 then 'LAB:' || l.itemid || '_Q9'\n            else 'LAB:' || l.itemid || '_Q10'\n        end as code\n    from labs_extended l\n    left join \"mimic4\".\"main\".\"lab_quantiles\" q \n        on l.itemid = q.itemid\n)\n\n-- ============================================================================\n-- Step 3: \u6700\u7ec8\u8f93\u51fa\n-- ============================================================================\nselect \n    subject_id,\n    hadm_id,\n    code,\n    'lab' as code_type,\n    charttime as event_time,  -- \u68c0\u9a8c\u65f6\u95f4\uff08\u79d2\u7ea7\u7cbe\u5ea6\uff09\n    row_number() over (\n        partition by subject_id, hadm_id \n        order by charttime\n    ) as seq_num\nfrom labs_binned\n  );\n", "name": "DuckDB", "node_info": {"materialized": "view", "meta": {}, "node_checksum": "6807cfc1a80d1a169d9777773f3bf1a001a5528d63841b640f5894e5f331c9a2", "node_finished_at": "", "node_name": "stg_labs", "node_path": "stg/stg_labs.sql", "node_relation": {"alias": "stg_labs", "database": "mimic4", "relation_name": "\"mimic4\".\"main\".\"stg_labs\"", "schema": "main"}, "node_started_at": "2025-10-23T05:36:26.105002", "node_status": "executing", "resource_type": "model", "unique_id": "model.nbr.stg_labs"}}, "info": {"category": "", "code": "E001", "extra": {}, "invocation_id": "d03f4a0f-5acc-4283-97ca-b648231dbe23", "level": "debug", "msg": "DuckDB adapter: Error running SQL: /* {\"app\": \"dbt\", \"dbt_version\": \"1.10.13\", \"profile_name\": \"nbr\", \"target_name\": \"dev\", \"node_id\": \"model.nbr.stg_labs\"} */\n\n  \n  create view \"mimic4\".\"main\".\"stg_labs__dbt_tmp\" as (\n    \n\n/*\nStaging: Lab Events (\u68c0\u9a8c\u7ed3\u679c) - \u6700\u590d\u6742\u7684\u5904\u7406\n\n\u529f\u80fd:\n1. Top-200 \u8fc7\u6ee4\uff1a\u53ea\u4fdd\u7559\u6700\u5e38\u89c1\u7684 200 \u79cd\u68c0\u9a8c\n2. \"\u635e\u56de\"\u7b56\u7565\uff1a\u627e\u56de\u5165\u9662\u524d 24 \u5c0f\u65f6\u7684\u68c0\u9a8c\n3. \u6570\u503c\u5206\u7bb1\uff1aQ1-Q10 \u5206\u4f4d\u6570\u79bb\u6563\u5316\uff08ETHOS \u65b9\u6cd5\uff09\n\nETHOS \u7b56\u7565:\n- \u8fde\u7eed\u6570\u503c \u2192 \u79bb\u6563\u7c7b\u522b\uff08Q1-Q10\uff09\n- \u4fdd\u7559 NULL \u503c\u4f5c\u4e3a\u5355\u72ec\u7c7b\u522b\n- \u8bcd\u8868: 200 itemid \u00d7 11 \u72b6\u6001 = 2200 \u4e2a lab tokens\n\n\u8f93\u51fa:\n- \u6bcf\u884c = \u4e00\u4e2a\u68c0\u9a8c\u7ed3\u679c\uff08\u5df2\u5206\u7bb1\uff09\n- code \u683c\u5f0f: LAB:itemid_Q5\n- \u5305\u542b\u7cbe\u786e charttime\n*/\n\n-- ============================================================================\n-- Step 1: \u6269\u5c55\u68c0\u9a8c\u6570\u636e\uff08\u539f\u6709 + \u635e\u56de\uff09\n-- ============================================================================\nwith labs_extended as (\n    -- 1.1 \u539f\u672c\u6709 hadm_id \u7684\u4f4f\u9662\u68c0\u9a8c\n    select \n        subject_id,\n        hadm_id,\n        itemid,\n        charttime,\n        valuenum\n    from \"mimic4\".\"main\".\"raw_labevents\"\n    where hadm_id is not null\n        and itemid in (select itemid from \"mimic4\".\"main\".\"top_200_labs\")\n    \n    union all\n    \n    -- 1.2 \"\u635e\u56de\"\u5165\u9662\u524d 24 \u5c0f\u65f6\u7684\u68c0\u9a8c\n    -- \u7b56\u7565\uff1a\u6bcf\u4e2a\u68c0\u9a8c\u53ea\u5206\u914d\u7ed9\u65f6\u95f4\u6700\u8fd1\u7684\u4e00\u4e2a\u5c31\u8bca\n    select distinct on (l.labevent_id)\n        l.subject_id,\n        a.hadm_id,  -- \u5206\u914d hadm_id\n        l.itemid,\n        l.charttime,\n        l.valuenum\n    from \"mimic4\".\"main\".\"raw_labevents\" l\n    join \"mimic4\".\"main\".\"stg_admissions\" a \n        on l.subject_id = a.subject_id\n        and l.hadm_id is null  -- \u539f\u672c\u6ca1\u6709 hadm_id\n        and l.charttime >= (a.admittime - interval '24 hours')\n        and l.charttime <= a.admittime\n    where l.itemid in (select itemid from \"mimic4\".\"main\".\"top_200_labs\")\n    order by \n        l.labevent_id, \n        abs(extract(epoch from (l.charttime - a.admittime)))  -- \u9009\u6700\u8fd1\u7684\u5c31\u8bca\n),\n\n-- ============================================================================\n-- Step 2: \u6570\u503c\u5206\u7bb1\uff08Q1-Q10\uff09\n-- ============================================================================\nlabs_binned as (\n    select \n        l.subject_id,\n        l.hadm_id,\n        l.itemid,\n        l.charttime,\n        l.valuenum,\n        -- \u5206\u7bb1\u903b\u8f91\uff0811\u4e2a\u7c7b\u522b\uff09\n        case \n            when l.valuenum is null then 'LAB:' || l.itemid || '_NULL'\n            when l.valuenum <= q.q1 then 'LAB:' || l.itemid || '_Q1'\n            when l.valuenum <= q.q2 then 'LAB:' || l.itemid || '_Q2'\n            when l.valuenum <= q.q3 then 'LAB:' || l.itemid || '_Q3'\n            when l.valuenum <= q.q4 then 'LAB:' || l.itemid || '_Q4'\n            when l.valuenum <= q.q5 then 'LAB:' || l.itemid || '_Q5'\n            when l.valuenum <= q.q6 then 'LAB:' || l.itemid || '_Q6'\n            when l.valuenum <= q.q7 then 'LAB:' || l.itemid || '_Q7'\n            when l.valuenum <= q.q8 then 'LAB:' || l.itemid || '_Q8'\n            when l.valuenum <= q.q9 then 'LAB:' || l.itemid || '_Q9'\n            else 'LAB:' || l.itemid || '_Q10'\n        end as code\n    from labs_extended l\n    left join \"mimic4\".\"main\".\"lab_quantiles\" q \n        on l.itemid = q.itemid\n)\n\n-- ============================================================================\n-- Step 3: \u6700\u7ec8\u8f93\u51fa\n-- ============================================================================\nselect \n    subject_id,\n    hadm_id,\n    code,\n    'lab' as code_type,\n    charttime as event_time,  -- \u68c0\u9a8c\u65f6\u95f4\uff08\u79d2\u7ea7\u7cbe\u5ea6\uff09\n    row_number() over (\n        partition by subject_id, hadm_id \n        order by charttime\n    ) as seq_num\nfrom labs_binned\n  );\n", "name": "AdapterEventDebug", "pid": 35163, "thread": "Thread-1 (worker)", "ts": "2025-10-23T05:36:26.125812Z"}}
{"data": {"args": [], "base_msg": "Rolling back transaction.", "name": "DuckDB", "node_info": {"materialized": "view", "meta": {}, "node_checksum": "6807cfc1a80d1a169d9777773f3bf1a001a5528d63841b640f5894e5f331c9a2", "node_finished_at": "", "node_name": "stg_labs", "node_path": "stg/stg_labs.sql", "node_relation": {"alias": "stg_labs", "database": "mimic4", "relation_name": "\"mimic4\".\"main\".\"stg_labs\"", "schema": "main"}, "node_started_at": "2025-10-23T05:36:26.105002", "node_status": "executing", "resource_type": "model", "unique_id": "model.nbr.stg_labs"}}, "info": {"category": "", "code": "E001", "extra": {}, "invocation_id": "d03f4a0f-5acc-4283-97ca-b648231dbe23", "level": "debug", "msg": "DuckDB adapter: Rolling back transaction.", "name": "AdapterEventDebug", "pid": 35163, "thread": "Thread-1 (worker)", "ts": "2025-10-23T05:36:26.126081Z"}}
{"data": {"conn_name": "model.nbr.stg_labs", "node_info": {"materialized": "view", "meta": {}, "node_checksum": "6807cfc1a80d1a169d9777773f3bf1a001a5528d63841b640f5894e5f331c9a2", "node_finished_at": "", "node_name": "stg_labs", "node_path": "stg/stg_labs.sql", "node_relation": {"alias": "stg_labs", "database": "mimic4", "relation_name": "\"mimic4\".\"main\".\"stg_labs\"", "schema": "main"}, "node_started_at": "2025-10-23T05:36:26.105002", "node_status": "executing", "resource_type": "model", "unique_id": "model.nbr.stg_labs"}}, "info": {"category": "", "code": "E012", "extra": {}, "invocation_id": "d03f4a0f-5acc-4283-97ca-b648231dbe23", "level": "debug", "msg": "On model.nbr.stg_labs: ROLLBACK", "name": "Rollback", "pid": 35163, "thread": "Thread-1 (worker)", "ts": "2025-10-23T05:36:26.126300Z"}}
{"data": {"conn_name": "model.nbr.stg_labs", "exc_info": "Traceback (most recent call last):\n  File \"/Users/gin/Desktop/HAT/ehr-fm/dataset/mimic4/.venv/lib/python3.13/site-packages/dbt/adapters/duckdb/connections.py\", line 95, in exception_handler\n    yield\n  File \"/Users/gin/Desktop/HAT/ehr-fm/dataset/mimic4/.venv/lib/python3.13/site-packages/dbt/adapters/sql/connections.py\", line 148, in add_query\n    _execute_query_with_retry(\n    ~~~~~~~~~~~~~~~~~~~~~~~~~^\n        cursor=cursor,\n        ^^^^^^^^^^^^^^\n    ...<4 lines>...\n        attempt=1,\n        ^^^^^^^^^^\n    )\n    ^\n  File \"/Users/gin/Desktop/HAT/ehr-fm/dataset/mimic4/.venv/lib/python3.13/site-packages/dbt/adapters/sql/connections.py\", line 97, in _execute_query_with_retry\n    cursor.execute(sql, bindings)\n    ~~~~~~~~~~~~~~^^^^^^^^^^^^^^^\n  File \"/Users/gin/Desktop/HAT/ehr-fm/dataset/mimic4/.venv/lib/python3.13/site-packages/dbt/adapters/duckdb/environments/local.py\", line 23, in execute\n    return self._cursor.execute(sql)\n           ~~~~~~~~~~~~~~~~~~~~^^^^^\n_duckdb.BinderException: Binder Error: Could not ORDER BY column \"l.labevent_id\": add the expression/function to every SELECT, or move the UNION into a FROM clause.\n\nThe above exception was the direct cause of the following exception:\n\nTraceback (most recent call last):\n  File \"/Users/gin/Desktop/HAT/ehr-fm/dataset/mimic4/.venv/lib/python3.13/site-packages/dbt/adapters/base/impl.py\", line 420, in connection_named\n    yield\n  File \"/Users/gin/Desktop/HAT/ehr-fm/dataset/mimic4/.venv/lib/python3.13/site-packages/dbt/task/base.py\", line 310, in compile_and_execute\n    result = self.run(ctx.node, manifest)\n  File \"/Users/gin/Desktop/HAT/ehr-fm/dataset/mimic4/.venv/lib/python3.13/site-packages/dbt/task/base.py\", line 410, in run\n    return self.execute(compiled_node, manifest)\n           ~~~~~~~~~~~~^^^^^^^^^^^^^^^^^^^^^^^^^\n  File \"/Users/gin/Desktop/HAT/ehr-fm/dataset/mimic4/.venv/lib/python3.13/site-packages/dbt/task/run.py\", line 336, in execute\n    return self._execute_model(hook_ctx, context_config, model, context, materialization_macro)\n           ~~~~~~~~~~~~~~~~~~~^^^^^^^^^^^^^^^^^^^^^^^^^^^^^^^^^^^^^^^^^^^^^^^^^^^^^^^^^^^^^^^^^\n  File \"/Users/gin/Desktop/HAT/ehr-fm/dataset/mimic4/.venv/lib/python3.13/site-packages/dbt/task/run.py\", line 296, in _execute_model\n    result = MacroGenerator(\n        materialization_macro, context, stack=context[\"context_macro_stack\"]\n    )()\n  File \"/Users/gin/Desktop/HAT/ehr-fm/dataset/mimic4/.venv/lib/python3.13/site-packages/dbt/clients/jinja.py\", line 82, in __call__\n    return self.call_macro(*args, **kwargs)\n           ~~~~~~~~~~~~~~~^^^^^^^^^^^^^^^^^\n  File \"/Users/gin/Desktop/HAT/ehr-fm/dataset/mimic4/.venv/lib/python3.13/site-packages/dbt_common/clients/jinja.py\", line 395, in call_macro\n    return macro(*args, **kwargs)\n  File \"/Users/gin/Desktop/HAT/ehr-fm/dataset/mimic4/.venv/lib/python3.13/site-packages/jinja2/runtime.py\", line 770, in __call__\n    return self._invoke(arguments, autoescape)\n           ~~~~~~~~~~~~^^^^^^^^^^^^^^^^^^^^^^^\n  File \"/Users/gin/Desktop/HAT/ehr-fm/dataset/mimic4/.venv/lib/python3.13/site-packages/jinja2/runtime.py\", line 784, in _invoke\n    rv = self._func(*arguments)\n  File \"<template>\", line 81, in macro\n  File \"/Users/gin/Desktop/HAT/ehr-fm/dataset/mimic4/.venv/lib/python3.13/site-packages/jinja2/sandbox.py\", line 401, in call\n    return __context.call(__obj, *args, **kwargs)\n           ~~~~~~~~~~~~~~^^^^^^^^^^^^^^^^^^^^^^^^\n  File \"/Users/gin/Desktop/HAT/ehr-fm/dataset/mimic4/.venv/lib/python3.13/site-packages/jinja2/runtime.py\", line 303, in call\n    return __obj(*args, **kwargs)\n  File \"/Users/gin/Desktop/HAT/ehr-fm/dataset/mimic4/.venv/lib/python3.13/site-packages/dbt/clients/jinja.py\", line 82, in __call__\n    return self.call_macro(*args, **kwargs)\n           ~~~~~~~~~~~~~~~^^^^^^^^^^^^^^^^^\n  File \"/Users/gin/Desktop/HAT/ehr-fm/dataset/mimic4/.venv/lib/python3.13/site-packages/dbt_common/clients/jinja.py\", line 395, in call_macro\n    return macro(*args, **kwargs)\n  File \"/Users/gin/Desktop/HAT/ehr-fm/dataset/mimic4/.venv/lib/python3.13/site-packages/jinja2/runtime.py\", line 770, in __call__\n    return self._invoke(arguments, autoescape)\n           ~~~~~~~~~~~~^^^^^^^^^^^^^^^^^^^^^^^\n  File \"/Users/gin/Desktop/HAT/ehr-fm/dataset/mimic4/.venv/lib/python3.13/site-packages/jinja2/runtime.py\", line 784, in _invoke\n    rv = self._func(*arguments)\n  File \"<template>\", line 52, in macro\n  File \"/Users/gin/Desktop/HAT/ehr-fm/dataset/mimic4/.venv/lib/python3.13/site-packages/jinja2/sandbox.py\", line 401, in call\n    return __context.call(__obj, *args, **kwargs)\n           ~~~~~~~~~~~~~~^^^^^^^^^^^^^^^^^^^^^^^^\n  File \"/Users/gin/Desktop/HAT/ehr-fm/dataset/mimic4/.venv/lib/python3.13/site-packages/jinja2/runtime.py\", line 303, in call\n    return __obj(*args, **kwargs)\n  File \"/Users/gin/Desktop/HAT/ehr-fm/dataset/mimic4/.venv/lib/python3.13/site-packages/dbt_common/record.py\", line 512, in record_replay_wrapper\n    return func_to_record(*call_args, **kwargs)\n  File \"/Users/gin/Desktop/HAT/ehr-fm/dataset/mimic4/.venv/lib/python3.13/site-packages/dbt/adapters/base/impl.py\", line 450, in execute\n    return self.connections.execute(sql=sql, auto_begin=auto_begin, fetch=fetch, limit=limit)\n           ~~~~~~~~~~~~~~~~~~~~~~~~^^^^^^^^^^^^^^^^^^^^^^^^^^^^^^^^^^^^^^^^^^^^^^^^^^^^^^^^^^\n  File \"/Users/gin/Desktop/HAT/ehr-fm/dataset/mimic4/.venv/lib/python3.13/site-packages/dbt/adapters/duckdb/connections.py\", line 133, in execute\n    return super().execute(sql, auto_begin, fetch, limit)\n           ~~~~~~~~~~~~~~~^^^^^^^^^^^^^^^^^^^^^^^^^^^^^^^\n  File \"/Users/gin/Desktop/HAT/ehr-fm/dataset/mimic4/.venv/lib/python3.13/site-packages/dbt/adapters/sql/connections.py\", line 219, in execute\n    _, cursor = self.add_query(sql, auto_begin)\n                ~~~~~~~~~~~~~~^^^^^^^^^^^^^^^^^\n  File \"/Users/gin/Desktop/HAT/ehr-fm/dataset/mimic4/.venv/lib/python3.13/site-packages/dbt/adapters/sql/connections.py\", line 131, in add_query\n    with self.exception_handler(sql):\n         ~~~~~~~~~~~~~~~~~~~~~~^^^^^\n  File \"/opt/miniconda3/lib/python3.13/contextlib.py\", line 162, in __exit__\n    self.gen.throw(value)\n    ~~~~~~~~~~~~~~^^^^^^^\n  File \"/Users/gin/Desktop/HAT/ehr-fm/dataset/mimic4/.venv/lib/python3.13/site-packages/dbt/adapters/duckdb/connections.py\", line 106, in exception_handler\n    raise dbt.exceptions.DbtRuntimeError(str(exc)) from exc\ndbt_common.exceptions.base.DbtRuntimeError: Runtime Error\n  Binder Error: Could not ORDER BY column \"l.labevent_id\": add the expression/function to every SELECT, or move the UNION into a FROM clause.\n\nDuring handling of the above exception, another exception occurred:\n\nTraceback (most recent call last):\n  File \"/Users/gin/Desktop/HAT/ehr-fm/dataset/mimic4/.venv/lib/python3.13/site-packages/dbt/adapters/base/connections.py\", line 328, in _rollback_handle\n    connection.handle.rollback()\n    ^^^^^^^^^^^^^^^^^^^^^^^^^^\nAttributeError: 'DuckDBConnectionWrapper' object has no attribute 'rollback'\n", "node_info": {"materialized": "view", "meta": {}, "node_checksum": "6807cfc1a80d1a169d9777773f3bf1a001a5528d63841b640f5894e5f331c9a2", "node_finished_at": "", "node_name": "stg_labs", "node_path": "stg/stg_labs.sql", "node_relation": {"alias": "stg_labs", "database": "mimic4", "relation_name": "\"mimic4\".\"main\".\"stg_labs\"", "schema": "main"}, "node_started_at": "2025-10-23T05:36:26.105002", "node_status": "executing", "resource_type": "model", "unique_id": "model.nbr.stg_labs"}}, "info": {"category": "", "code": "E009", "extra": {}, "invocation_id": "d03f4a0f-5acc-4283-97ca-b648231dbe23", "level": "debug", "msg": "Failed to rollback 'model.nbr.stg_labs'", "name": "RollbackFailed", "pid": 35163, "thread": "Thread-1 (worker)", "ts": "2025-10-23T05:36:26.128619Z"}}
{"data": {"conn_name": "model.nbr.stg_labs", "node_info": {"materialized": "view", "meta": {}, "node_checksum": "6807cfc1a80d1a169d9777773f3bf1a001a5528d63841b640f5894e5f331c9a2", "node_finished_at": "", "node_name": "stg_labs", "node_path": "stg/stg_labs.sql", "node_relation": {"alias": "stg_labs", "database": "mimic4", "relation_name": "\"mimic4\".\"main\".\"stg_labs\"", "schema": "main"}, "node_started_at": "2025-10-23T05:36:26.105002", "node_status": "executing", "resource_type": "model", "unique_id": "model.nbr.stg_labs"}}, "info": {"category": "", "code": "E010", "extra": {}, "invocation_id": "d03f4a0f-5acc-4283-97ca-b648231dbe23", "level": "debug", "msg": "On model.nbr.stg_labs: Close", "name": "ConnectionClosed", "pid": 35163, "thread": "Thread-1 (worker)", "ts": "2025-10-23T05:36:26.128851Z"}}
{"data": {"exc": "Runtime Error in model stg_labs (models/stg/stg_labs.sql)\n  Binder Error: Could not ORDER BY column \"l.labevent_id\": add the expression/function to every SELECT, or move the UNION into a FROM clause.", "exc_info": "Traceback (most recent call last):\n  File \"/Users/gin/Desktop/HAT/ehr-fm/dataset/mimic4/.venv/lib/python3.13/site-packages/dbt/adapters/duckdb/connections.py\", line 95, in exception_handler\n    yield\n  File \"/Users/gin/Desktop/HAT/ehr-fm/dataset/mimic4/.venv/lib/python3.13/site-packages/dbt/adapters/sql/connections.py\", line 148, in add_query\n    _execute_query_with_retry(\n    ~~~~~~~~~~~~~~~~~~~~~~~~~^\n        cursor=cursor,\n        ^^^^^^^^^^^^^^\n    ...<4 lines>...\n        attempt=1,\n        ^^^^^^^^^^\n    )\n    ^\n  File \"/Users/gin/Desktop/HAT/ehr-fm/dataset/mimic4/.venv/lib/python3.13/site-packages/dbt/adapters/sql/connections.py\", line 97, in _execute_query_with_retry\n    cursor.execute(sql, bindings)\n    ~~~~~~~~~~~~~~^^^^^^^^^^^^^^^\n  File \"/Users/gin/Desktop/HAT/ehr-fm/dataset/mimic4/.venv/lib/python3.13/site-packages/dbt/adapters/duckdb/environments/local.py\", line 23, in execute\n    return self._cursor.execute(sql)\n           ~~~~~~~~~~~~~~~~~~~~^^^^^\n_duckdb.BinderException: Binder Error: Could not ORDER BY column \"l.labevent_id\": add the expression/function to every SELECT, or move the UNION into a FROM clause.\n\nThe above exception was the direct cause of the following exception:\n\nTraceback (most recent call last):\n  File \"/Users/gin/Desktop/HAT/ehr-fm/dataset/mimic4/.venv/lib/python3.13/site-packages/dbt/task/base.py\", line 363, in safe_run\n    result = self.compile_and_execute(manifest, ctx)\n  File \"/Users/gin/Desktop/HAT/ehr-fm/dataset/mimic4/.venv/lib/python3.13/site-packages/dbt/task/base.py\", line 310, in compile_and_execute\n    result = self.run(ctx.node, manifest)\n  File \"/Users/gin/Desktop/HAT/ehr-fm/dataset/mimic4/.venv/lib/python3.13/site-packages/dbt/task/base.py\", line 410, in run\n    return self.execute(compiled_node, manifest)\n           ~~~~~~~~~~~~^^^^^^^^^^^^^^^^^^^^^^^^^\n  File \"/Users/gin/Desktop/HAT/ehr-fm/dataset/mimic4/.venv/lib/python3.13/site-packages/dbt/task/run.py\", line 336, in execute\n    return self._execute_model(hook_ctx, context_config, model, context, materialization_macro)\n           ~~~~~~~~~~~~~~~~~~~^^^^^^^^^^^^^^^^^^^^^^^^^^^^^^^^^^^^^^^^^^^^^^^^^^^^^^^^^^^^^^^^^\n  File \"/Users/gin/Desktop/HAT/ehr-fm/dataset/mimic4/.venv/lib/python3.13/site-packages/dbt/task/run.py\", line 296, in _execute_model\n    result = MacroGenerator(\n        materialization_macro, context, stack=context[\"context_macro_stack\"]\n    )()\n  File \"/Users/gin/Desktop/HAT/ehr-fm/dataset/mimic4/.venv/lib/python3.13/site-packages/dbt/clients/jinja.py\", line 82, in __call__\n    return self.call_macro(*args, **kwargs)\n           ~~~~~~~~~~~~~~~^^^^^^^^^^^^^^^^^\n  File \"/Users/gin/Desktop/HAT/ehr-fm/dataset/mimic4/.venv/lib/python3.13/site-packages/dbt_common/clients/jinja.py\", line 395, in call_macro\n    return macro(*args, **kwargs)\n  File \"/Users/gin/Desktop/HAT/ehr-fm/dataset/mimic4/.venv/lib/python3.13/site-packages/jinja2/runtime.py\", line 770, in __call__\n    return self._invoke(arguments, autoescape)\n           ~~~~~~~~~~~~^^^^^^^^^^^^^^^^^^^^^^^\n  File \"/Users/gin/Desktop/HAT/ehr-fm/dataset/mimic4/.venv/lib/python3.13/site-packages/jinja2/runtime.py\", line 784, in _invoke\n    rv = self._func(*arguments)\n  File \"<template>\", line 81, in macro\n  File \"/Users/gin/Desktop/HAT/ehr-fm/dataset/mimic4/.venv/lib/python3.13/site-packages/jinja2/sandbox.py\", line 401, in call\n    return __context.call(__obj, *args, **kwargs)\n           ~~~~~~~~~~~~~~^^^^^^^^^^^^^^^^^^^^^^^^\n  File \"/Users/gin/Desktop/HAT/ehr-fm/dataset/mimic4/.venv/lib/python3.13/site-packages/jinja2/runtime.py\", line 303, in call\n    return __obj(*args, **kwargs)\n  File \"/Users/gin/Desktop/HAT/ehr-fm/dataset/mimic4/.venv/lib/python3.13/site-packages/dbt/clients/jinja.py\", line 82, in __call__\n    return self.call_macro(*args, **kwargs)\n           ~~~~~~~~~~~~~~~^^^^^^^^^^^^^^^^^\n  File \"/Users/gin/Desktop/HAT/ehr-fm/dataset/mimic4/.venv/lib/python3.13/site-packages/dbt_common/clients/jinja.py\", line 395, in call_macro\n    return macro(*args, **kwargs)\n  File \"/Users/gin/Desktop/HAT/ehr-fm/dataset/mimic4/.venv/lib/python3.13/site-packages/jinja2/runtime.py\", line 770, in __call__\n    return self._invoke(arguments, autoescape)\n           ~~~~~~~~~~~~^^^^^^^^^^^^^^^^^^^^^^^\n  File \"/Users/gin/Desktop/HAT/ehr-fm/dataset/mimic4/.venv/lib/python3.13/site-packages/jinja2/runtime.py\", line 784, in _invoke\n    rv = self._func(*arguments)\n  File \"<template>\", line 52, in macro\n  File \"/Users/gin/Desktop/HAT/ehr-fm/dataset/mimic4/.venv/lib/python3.13/site-packages/jinja2/sandbox.py\", line 401, in call\n    return __context.call(__obj, *args, **kwargs)\n           ~~~~~~~~~~~~~~^^^^^^^^^^^^^^^^^^^^^^^^\n  File \"/Users/gin/Desktop/HAT/ehr-fm/dataset/mimic4/.venv/lib/python3.13/site-packages/jinja2/runtime.py\", line 303, in call\n    return __obj(*args, **kwargs)\n  File \"/Users/gin/Desktop/HAT/ehr-fm/dataset/mimic4/.venv/lib/python3.13/site-packages/dbt_common/record.py\", line 512, in record_replay_wrapper\n    return func_to_record(*call_args, **kwargs)\n  File \"/Users/gin/Desktop/HAT/ehr-fm/dataset/mimic4/.venv/lib/python3.13/site-packages/dbt/adapters/base/impl.py\", line 450, in execute\n    return self.connections.execute(sql=sql, auto_begin=auto_begin, fetch=fetch, limit=limit)\n           ~~~~~~~~~~~~~~~~~~~~~~~~^^^^^^^^^^^^^^^^^^^^^^^^^^^^^^^^^^^^^^^^^^^^^^^^^^^^^^^^^^\n  File \"/Users/gin/Desktop/HAT/ehr-fm/dataset/mimic4/.venv/lib/python3.13/site-packages/dbt/adapters/duckdb/connections.py\", line 133, in execute\n    return super().execute(sql, auto_begin, fetch, limit)\n           ~~~~~~~~~~~~~~~^^^^^^^^^^^^^^^^^^^^^^^^^^^^^^^\n  File \"/Users/gin/Desktop/HAT/ehr-fm/dataset/mimic4/.venv/lib/python3.13/site-packages/dbt/adapters/sql/connections.py\", line 219, in execute\n    _, cursor = self.add_query(sql, auto_begin)\n                ~~~~~~~~~~~~~~^^^^^^^^^^^^^^^^^\n  File \"/Users/gin/Desktop/HAT/ehr-fm/dataset/mimic4/.venv/lib/python3.13/site-packages/dbt/adapters/sql/connections.py\", line 131, in add_query\n    with self.exception_handler(sql):\n         ~~~~~~~~~~~~~~~~~~~~~~^^^^^\n  File \"/opt/miniconda3/lib/python3.13/contextlib.py\", line 162, in __exit__\n    self.gen.throw(value)\n    ~~~~~~~~~~~~~~^^^^^^^\n  File \"/Users/gin/Desktop/HAT/ehr-fm/dataset/mimic4/.venv/lib/python3.13/site-packages/dbt/adapters/duckdb/connections.py\", line 106, in exception_handler\n    raise dbt.exceptions.DbtRuntimeError(str(exc)) from exc\ndbt_common.exceptions.base.DbtRuntimeError: Runtime Error in model stg_labs (models/stg/stg_labs.sql)\n  Binder Error: Could not ORDER BY column \"l.labevent_id\": add the expression/function to every SELECT, or move the UNION into a FROM clause.\n", "node_info": {"materialized": "view", "meta": {}, "node_checksum": "6807cfc1a80d1a169d9777773f3bf1a001a5528d63841b640f5894e5f331c9a2", "node_finished_at": "", "node_name": "stg_labs", "node_path": "stg/stg_labs.sql", "node_relation": {"alias": "stg_labs", "database": "mimic4", "relation_name": "\"mimic4\".\"main\".\"stg_labs\"", "schema": "main"}, "node_started_at": "2025-10-23T05:36:26.105002", "node_status": "executing", "resource_type": "model", "unique_id": "model.nbr.stg_labs"}}, "info": {"category": "", "code": "W002", "extra": {}, "invocation_id": "d03f4a0f-5acc-4283-97ca-b648231dbe23", "level": "debug", "msg": "Runtime Error in model stg_labs (models/stg/stg_labs.sql)\n  Binder Error: Could not ORDER BY column \"l.labevent_id\": add the expression/function to every SELECT, or move the UNION into a FROM clause.", "name": "CatchableExceptionOnRun", "pid": 35163, "thread": "Thread-1 (worker)", "ts": "2025-10-23T05:36:26.130306Z"}}
{"data": {"description": "sql view model main.stg_labs", "execution_time": 0.024993896, "index": 1, "node_info": {"materialized": "view", "meta": {}, "node_checksum": "6807cfc1a80d1a169d9777773f3bf1a001a5528d63841b640f5894e5f331c9a2", "node_finished_at": "2025-10-23T05:36:26.130511", "node_name": "stg_labs", "node_path": "stg/stg_labs.sql", "node_relation": {"alias": "stg_labs", "database": "mimic4", "relation_name": "\"mimic4\".\"main\".\"stg_labs\"", "schema": "main"}, "node_started_at": "2025-10-23T05:36:26.105002", "node_status": "error", "resource_type": "model", "unique_id": "model.nbr.stg_labs"}, "status": "error", "total": 1}, "info": {"category": "", "code": "Q012", "extra": {}, "invocation_id": "d03f4a0f-5acc-4283-97ca-b648231dbe23", "level": "error", "msg": "1 of 1 ERROR creating sql view model main.stg_labs ............................. [\u001b[31mERROR\u001b[0m in 0.02s]", "name": "LogModelResult", "pid": 35163, "thread": "Thread-1 (worker)", "ts": "2025-10-23T05:36:26.131162Z"}}
{"data": {"node_info": {"materialized": "view", "meta": {}, "node_checksum": "6807cfc1a80d1a169d9777773f3bf1a001a5528d63841b640f5894e5f331c9a2", "node_finished_at": "2025-10-23T05:36:26.130511", "node_name": "stg_labs", "node_path": "stg/stg_labs.sql", "node_relation": {"alias": "stg_labs", "database": "mimic4", "relation_name": "\"mimic4\".\"main\".\"stg_labs\"", "schema": "main"}, "node_started_at": "2025-10-23T05:36:26.105002", "node_status": "error", "resource_type": "model", "unique_id": "model.nbr.stg_labs"}, "run_result": {"adapter_response": {}, "execution_time": 0.024993896, "message": "Runtime Error in model stg_labs (models/stg/stg_labs.sql)\n  Binder Error: Could not ORDER BY column \"l.labevent_id\": add the expression/function to every SELECT, or move the UNION into a FROM clause.", "num_failures": 0, "status": "error", "thread": "Thread-1 (worker)", "timing_info": [{"completed_at": "2025-10-23T05:36:26.109729Z", "name": "compile", "started_at": "2025-10-23T05:36:26.105918Z"}, {"completed_at": "2025-10-23T05:36:26.126260Z", "name": "execute", "started_at": "2025-10-23T05:36:26.109929Z"}]}}, "info": {"category": "", "code": "Q025", "extra": {}, "invocation_id": "d03f4a0f-5acc-4283-97ca-b648231dbe23", "level": "debug", "msg": "Finished running node model.nbr.stg_labs", "name": "NodeFinished", "pid": 35163, "thread": "Thread-1 (worker)", "ts": "2025-10-23T05:36:26.131460Z"}}
{"data": {"run_result": {"adapter_response": {}, "execution_time": 0.024993896, "message": "Runtime Error in model stg_labs (models/stg/stg_labs.sql)\n  Binder Error: Could not ORDER BY column \"l.labevent_id\": add the expression/function to every SELECT, or move the UNION into a FROM clause.", "num_failures": 0, "status": "error", "thread": "Thread-1 (worker)", "timing_info": [{"completed_at": "2025-10-23T05:36:26.109729Z", "name": "compile", "started_at": "2025-10-23T05:36:26.105918Z"}, {"completed_at": "2025-10-23T05:36:26.126260Z", "name": "execute", "started_at": "2025-10-23T05:36:26.109929Z"}]}, "status": "error", "unique_id": "model.nbr.stg_labs"}, "info": {"category": "", "code": "Z033", "extra": {}, "invocation_id": "d03f4a0f-5acc-4283-97ca-b648231dbe23", "level": "debug", "msg": "Marking all children of 'model.nbr.stg_labs' to be skipped because of status 'error'.  Reason: Runtime Error in model stg_labs (models/stg/stg_labs.sql)\n  Binder Error: Could not ORDER BY column \"l.labevent_id\": add the expression/function to every SELECT, or move the UNION into a FROM clause..", "name": "MarkSkippedChildren", "pid": 35163, "thread": "Thread-4 (_handle_results)", "ts": "2025-10-23T05:36:26.131790Z"}}
{"data": {"conn_name": "master", "conn_type": "duckdb"}, "info": {"category": "", "code": "E015", "extra": {}, "invocation_id": "d03f4a0f-5acc-4283-97ca-b648231dbe23", "level": "debug", "msg": "Using duckdb connection \"master\"", "name": "ConnectionUsed", "pid": 35163, "thread": "MainThread", "ts": "2025-10-23T05:36:26.132561Z"}}
{"data": {"conn_name": "master", "sql": "BEGIN"}, "info": {"category": "", "code": "E016", "extra": {}, "invocation_id": "d03f4a0f-5acc-4283-97ca-b648231dbe23", "level": "debug", "msg": "On master: BEGIN", "name": "SQLQuery", "pid": 35163, "thread": "MainThread", "ts": "2025-10-23T05:36:26.132752Z"}}
{"data": {"connection_state": "closed"}, "info": {"category": "", "code": "E037", "extra": {}, "invocation_id": "d03f4a0f-5acc-4283-97ca-b648231dbe23", "level": "debug", "msg": "Opening a new connection, currently in state closed", "name": "NewConnectionOpening", "pid": 35163, "thread": "MainThread", "ts": "2025-10-23T05:36:26.132900Z"}}
{"data": {"elapsed": 0.0002835, "query_id": "", "status": "OK"}, "info": {"category": "", "code": "E017", "extra": {}, "invocation_id": "d03f4a0f-5acc-4283-97ca-b648231dbe23", "level": "debug", "msg": "SQL status: OK in 0.000 seconds", "name": "SQLQueryStatus", "pid": 35163, "thread": "MainThread", "ts": "2025-10-23T05:36:26.133191Z"}}
{"data": {"conn_name": "master"}, "info": {"category": "", "code": "E018", "extra": {}, "invocation_id": "d03f4a0f-5acc-4283-97ca-b648231dbe23", "level": "debug", "msg": "On master: COMMIT", "name": "SQLCommit", "pid": 35163, "thread": "MainThread", "ts": "2025-10-23T05:36:26.133339Z"}}
{"data": {"conn_name": "master", "conn_type": "duckdb"}, "info": {"category": "", "code": "E015", "extra": {}, "invocation_id": "d03f4a0f-5acc-4283-97ca-b648231dbe23", "level": "debug", "msg": "Using duckdb connection \"master\"", "name": "ConnectionUsed", "pid": 35163, "thread": "MainThread", "ts": "2025-10-23T05:36:26.133474Z"}}
{"data": {"conn_name": "master", "sql": "COMMIT"}, "info": {"category": "", "code": "E016", "extra": {}, "invocation_id": "d03f4a0f-5acc-4283-97ca-b648231dbe23", "level": "debug", "msg": "On master: COMMIT", "name": "SQLQuery", "pid": 35163, "thread": "MainThread", "ts": "2025-10-23T05:36:26.133610Z"}}
{"data": {"elapsed": 5.8958e-05, "query_id": "", "status": "OK"}, "info": {"category": "", "code": "E017", "extra": {}, "invocation_id": "d03f4a0f-5acc-4283-97ca-b648231dbe23", "level": "debug", "msg": "SQL status: OK in 0.000 seconds", "name": "SQLQueryStatus", "pid": 35163, "thread": "MainThread", "ts": "2025-10-23T05:36:26.133806Z"}}
{"data": {"conn_name": "master"}, "info": {"category": "", "code": "E010", "extra": {}, "invocation_id": "d03f4a0f-5acc-4283-97ca-b648231dbe23", "level": "debug", "msg": "On master: Close", "name": "ConnectionClosed", "pid": 35163, "thread": "MainThread", "ts": "2025-10-23T05:36:26.133955Z"}}
{"data": {"conn_name": "master"}, "info": {"category": "", "code": "E008", "extra": {}, "invocation_id": "d03f4a0f-5acc-4283-97ca-b648231dbe23", "level": "debug", "msg": "Connection 'master' was properly closed.", "name": "ConnectionClosedInCleanup", "pid": 35163, "thread": "MainThread", "ts": "2025-10-23T05:36:26.134133Z"}}
{"data": {"conn_name": "model.nbr.stg_labs"}, "info": {"category": "", "code": "E008", "extra": {}, "invocation_id": "d03f4a0f-5acc-4283-97ca-b648231dbe23", "level": "debug", "msg": "Connection 'model.nbr.stg_labs' was properly closed.", "name": "ConnectionClosedInCleanup", "pid": 35163, "thread": "MainThread", "ts": "2025-10-23T05:36:26.134281Z"}}
{"data": {"msg": ""}, "info": {"category": "", "code": "Z017", "extra": {}, "invocation_id": "d03f4a0f-5acc-4283-97ca-b648231dbe23", "level": "info", "msg": "", "name": "Formatting", "pid": 35163, "thread": "MainThread", "ts": "2025-10-23T05:36:26.134426Z"}}
{"data": {"execution": " in 0 hours 0 minutes and 0.09 seconds", "execution_time": 0.0871129, "stat_line": "1 view model"}, "info": {"category": "", "code": "E047", "extra": {}, "invocation_id": "d03f4a0f-5acc-4283-97ca-b648231dbe23", "level": "info", "msg": "Finished running 1 view model in 0 hours 0 minutes and 0.09 seconds (0.09s).", "name": "FinishedRunningStats", "pid": 35163, "thread": "MainThread", "ts": "2025-10-23T05:36:26.134588Z"}}
{"data": {"elapsed_time": 0.0871129, "generated_at": "2025-10-23T05:36:26Z", "results": [{"adapter_response": {}, "execution_time": 0.024993896, "message": "Runtime Error in model stg_labs (models/stg/stg_labs.sql)\n  Binder Error: Could not ORDER BY column \"l.labevent_id\": add the expression/function to every SELECT, or move the UNION into a FROM clause.", "num_failures": 0, "status": "error", "thread": "Thread-1 (worker)", "timing_info": [{"completed_at": "2025-10-23T05:36:26.109729Z", "name": "compile", "started_at": "2025-10-23T05:36:26.105918Z"}, {"completed_at": "2025-10-23T05:36:26.126260Z", "name": "execute", "started_at": "2025-10-23T05:36:26.109929Z"}]}], "success": false}, "info": {"category": "", "code": "Q037", "extra": {}, "invocation_id": "d03f4a0f-5acc-4283-97ca-b648231dbe23", "level": "debug", "msg": "Command end result", "name": "EndRunResult", "pid": 35163, "thread": "MainThread", "ts": "2025-10-23T05:36:26.134901Z"}}
{"data": {"artifact_path": "/Users/gin/Desktop/HAT/ehr-fm/dataset/mimic4/transform/nbr/target/nbr-2d64e94-9d9eb71/manifest.json", "artifact_type": "WritableManifest"}, "info": {"category": "", "code": "P001", "extra": {}, "invocation_id": "d03f4a0f-5acc-4283-97ca-b648231dbe23", "level": "debug", "msg": "Wrote artifact WritableManifest to /Users/gin/Desktop/HAT/ehr-fm/dataset/mimic4/transform/nbr/target/nbr-2d64e94-9d9eb71/manifest.json", "name": "ArtifactWritten", "pid": 35163, "thread": "MainThread", "ts": "2025-10-23T05:36:26.172535Z"}}
{"data": {"artifact_path": "/Users/gin/Desktop/HAT/ehr-fm/dataset/mimic4/transform/nbr/target/nbr-2d64e94-9d9eb71/semantic_manifest.json", "artifact_type": "SemanticManifest"}, "info": {"category": "", "code": "P001", "extra": {}, "invocation_id": "d03f4a0f-5acc-4283-97ca-b648231dbe23", "level": "debug", "msg": "Wrote artifact SemanticManifest to /Users/gin/Desktop/HAT/ehr-fm/dataset/mimic4/transform/nbr/target/nbr-2d64e94-9d9eb71/semantic_manifest.json", "name": "ArtifactWritten", "pid": 35163, "thread": "MainThread", "ts": "2025-10-23T05:36:26.173393Z"}}
{"data": {"artifact_path": "/Users/gin/Desktop/HAT/ehr-fm/dataset/mimic4/transform/nbr/target/nbr-2d64e94-9d9eb71/run_results.json", "artifact_type": "RunExecutionResult"}, "info": {"category": "", "code": "P001", "extra": {}, "invocation_id": "d03f4a0f-5acc-4283-97ca-b648231dbe23", "level": "debug", "msg": "Wrote artifact RunExecutionResult to /Users/gin/Desktop/HAT/ehr-fm/dataset/mimic4/transform/nbr/target/nbr-2d64e94-9d9eb71/run_results.json", "name": "ArtifactWritten", "pid": 35163, "thread": "MainThread", "ts": "2025-10-23T05:36:26.175817Z"}}
{"data": {"msg": ""}, "info": {"category": "", "code": "Z017", "extra": {}, "invocation_id": "d03f4a0f-5acc-4283-97ca-b648231dbe23", "level": "info", "msg": "", "name": "Formatting", "pid": 35163, "thread": "MainThread", "ts": "2025-10-23T05:36:26.175980Z"}}
{"data": {"keyboard_interrupt": false, "num_errors": 1, "num_partial_success": 0, "num_warnings": 0}, "info": {"category": "", "code": "Z030", "extra": {}, "invocation_id": "d03f4a0f-5acc-4283-97ca-b648231dbe23", "level": "info", "msg": "\u001b[31mCompleted with 1 error, 0 partial successes, and 0 warnings:\u001b[0m", "name": "EndOfRunSummary", "pid": 35163, "thread": "MainThread", "ts": "2025-10-23T05:36:26.176156Z"}}
{"data": {"msg": ""}, "info": {"category": "", "code": "Z017", "extra": {}, "invocation_id": "d03f4a0f-5acc-4283-97ca-b648231dbe23", "level": "info", "msg": "", "name": "Formatting", "pid": 35163, "thread": "MainThread", "ts": "2025-10-23T05:36:26.176309Z"}}
{"data": {"node_info": {"materialized": "view", "meta": {}, "node_checksum": "6807cfc1a80d1a169d9777773f3bf1a001a5528d63841b640f5894e5f331c9a2", "node_finished_at": "", "node_name": "stg_labs", "node_path": "stg/stg_labs.sql", "node_relation": {"alias": "stg_labs", "database": "mimic4", "relation_name": "\"mimic4\".\"main\".\"stg_labs\"", "schema": "main"}, "node_started_at": "", "node_status": "None", "resource_type": "model", "unique_id": "model.nbr.stg_labs"}, "node_name": "stg_labs", "path": "models/stg/stg_labs.sql", "resource_type": "model"}, "info": {"category": "", "code": "Z022", "extra": {}, "invocation_id": "d03f4a0f-5acc-4283-97ca-b648231dbe23", "level": "error", "msg": "\u001b[31mFailure in model stg_labs (models/stg/stg_labs.sql)\u001b[0m", "name": "RunResultFailure", "pid": 35163, "thread": "MainThread", "ts": "2025-10-23T05:36:26.176478Z"}}
{"data": {"msg": "Runtime Error in model stg_labs (models/stg/stg_labs.sql)\n  Binder Error: Could not ORDER BY column \"l.labevent_id\": add the expression/function to every SELECT, or move the UNION into a FROM clause.", "node_info": {"materialized": "view", "meta": {}, "node_checksum": "6807cfc1a80d1a169d9777773f3bf1a001a5528d63841b640f5894e5f331c9a2", "node_finished_at": "", "node_name": "stg_labs", "node_path": "stg/stg_labs.sql", "node_relation": {"alias": "stg_labs", "database": "mimic4", "relation_name": "\"mimic4\".\"main\".\"stg_labs\"", "schema": "main"}, "node_started_at": "", "node_status": "None", "resource_type": "model", "unique_id": "model.nbr.stg_labs"}}, "info": {"category": "", "code": "Z024", "extra": {}, "invocation_id": "d03f4a0f-5acc-4283-97ca-b648231dbe23", "level": "error", "msg": "  Runtime Error in model stg_labs (models/stg/stg_labs.sql)\n  Binder Error: Could not ORDER BY column \"l.labevent_id\": add the expression/function to every SELECT, or move the UNION into a FROM clause.", "name": "RunResultError", "pid": 35163, "thread": "MainThread", "ts": "2025-10-23T05:36:26.176674Z"}}
{"data": {"msg": ""}, "info": {"category": "", "code": "Z017", "extra": {}, "invocation_id": "d03f4a0f-5acc-4283-97ca-b648231dbe23", "level": "info", "msg": "", "name": "Formatting", "pid": 35163, "thread": "MainThread", "ts": "2025-10-23T05:36:26.176834Z"}}
{"data": {"node_info": {"materialized": "view", "meta": {}, "node_checksum": "6807cfc1a80d1a169d9777773f3bf1a001a5528d63841b640f5894e5f331c9a2", "node_finished_at": "", "node_name": "stg_labs", "node_path": "stg/stg_labs.sql", "node_relation": {"alias": "stg_labs", "database": "mimic4", "relation_name": "\"mimic4\".\"main\".\"stg_labs\"", "schema": "main"}, "node_started_at": "", "node_status": "None", "resource_type": "model", "unique_id": "model.nbr.stg_labs"}, "path": "target/nbr-2d64e94-9d9eb71/compiled/nbr/models/stg/stg_labs.sql"}, "info": {"category": "", "code": "Z026", "extra": {}, "invocation_id": "d03f4a0f-5acc-4283-97ca-b648231dbe23", "level": "info", "msg": "  compiled code at target/nbr-2d64e94-9d9eb71/compiled/nbr/models/stg/stg_labs.sql", "name": "SQLCompiledPath", "pid": 35163, "thread": "MainThread", "ts": "2025-10-23T05:36:26.176979Z"}}
{"data": {"msg": ""}, "info": {"category": "", "code": "Z017", "extra": {}, "invocation_id": "d03f4a0f-5acc-4283-97ca-b648231dbe23", "level": "info", "msg": "", "name": "Formatting", "pid": 35163, "thread": "MainThread", "ts": "2025-10-23T05:36:26.177137Z"}}
{"data": {"stats": {"error": 1, "noop": 0, "pass": 0, "skip": 0, "total": 1, "warn": 0}}, "info": {"category": "", "code": "Z023", "extra": {}, "invocation_id": "d03f4a0f-5acc-4283-97ca-b648231dbe23", "level": "info", "msg": "Done. PASS=0 WARN=0 ERROR=1 SKIP=0 NO-OP=0 TOTAL=1", "name": "StatsLine", "pid": 35163, "thread": "MainThread", "ts": "2025-10-23T05:36:26.177279Z"}}
{"data": {"command_name": "build", "command_success": false, "command_wall_clock_time": 0.43277374, "process_in_blocks": "0", "process_kernel_time": 0.146777, "process_mem_max_rss": "151289856", "process_out_blocks": "0", "process_user_time": 0.846106}, "info": {"category": "", "code": "Z051", "extra": {}, "invocation_id": "d03f4a0f-5acc-4283-97ca-b648231dbe23", "level": "debug", "msg": "Resource report: {\"command_name\": \"build\", \"command_success\": false, \"command_wall_clock_time\": 0.43277374, \"process_in_blocks\": \"0\", \"process_kernel_time\": 0.146777, \"process_mem_max_rss\": \"151289856\", \"process_out_blocks\": \"0\", \"process_user_time\": 0.846106}", "name": "ResourceReport", "pid": 35163, "thread": "MainThread", "ts": "2025-10-23T05:36:26.178011Z"}}
{"data": {"command": "dbt build", "completed_at": "2025-10-23T05:36:26.178182Z", "elapsed": 0.43299988, "success": false}, "info": {"category": "", "code": "Q039", "extra": {}, "invocation_id": "d03f4a0f-5acc-4283-97ca-b648231dbe23", "level": "debug", "msg": "Command `dbt build` failed at 01:36:26.178182 after 0.43 seconds", "name": "CommandCompleted", "pid": 35163, "thread": "MainThread", "ts": "2025-10-23T05:36:26.178219Z"}}
{"data": {}, "info": {"category": "", "code": "Z042", "extra": {}, "invocation_id": "d03f4a0f-5acc-4283-97ca-b648231dbe23", "level": "debug", "msg": "Flushing usage events", "name": "FlushEvents", "pid": 35163, "thread": "MainThread", "ts": "2025-10-23T05:36:26.178395Z"}}
